#
# A fatal error has been detected by the Java Runtime Environment:
#
#  Internal Error (relocInfo_x86.cpp:106), pid=1444, tid=22520
#  Error: ShouldNotReachHere()
#
# JRE version: Java(TM) SE Runtime Environment (17.0.4+11) (build 17.0.4+11-LTS-179)
# Java VM: Java HotSpot(TM) 64-Bit Server VM (17.0.4+11-LTS-179, mixed mode, sharing, tiered, compressed oops, compressed class ptrs, g1 gc, windows-amd64)
# No core dump will be written. Minidumps are not enabled by default on client versions of Windows
#
# If you would like to submit a bug report, please visit:
#   https://bugreport.java.com/bugreport/crash.jsp
#

---------------  S U M M A R Y ------------

Command Line: -XX:MaxMetaspaceSize=512m --add-opens=java.base/java.util=ALL-UNNAMED --add-opens=java.base/java.lang=ALL-UNNAMED --add-opens=java.base/java.lang.invoke=ALL-UNNAMED --add-opens=java.prefs/java.util.prefs=ALL-UNNAMED --add-opens=java.base/java.nio.charset=ALL-UNNAMED --add-opens=java.base/java.net=ALL-UNNAMED --add-opens=java.base/java.util.concurrent.atomic=ALL-UNNAMED -Xmx2048m -Dfile.encoding=windows-1252 -Duser.country=BR -Duser.language=pt -Duser.variant -javaagent:C:\Users\pc gaming\.gradle\wrapper\dists\gradle-8.3-all\6en3ugtfdg5xnpx44z4qbwgas\gradle-8.3\lib\agents\gradle-instrumentation-agent-8.3.jar org.gradle.launcher.daemon.bootstrap.GradleDaemon 8.3

Host: AMD FX(tm)-8300 Eight-Core Processor           , 8 cores, 15G,  Windows 10 , 64 bit Build 19041 (10.0.19041.3636)
Time: Thu Apr 11 16:14:30 2024 Hora oficial do Brasil elapsed time: 76.455749 seconds (0d 0h 1m 16s)

---------------  T H R E A D  ---------------

Current thread (0x00000210a2de2e10):  JavaThread "C1 CompilerThread0" daemon [_thread_in_vm, id=22520, stack(0x0000005dab400000,0x0000005dab500000)]


Current CompileTask:
C1:  76455 15732       3       org.gradle.internal.metaobject.BeanDynamicObject$MetaClassAdapter::invokeMethod (229 bytes)

Stack: [0x0000005dab400000,0x0000005dab500000]
Native frames: (J=compiled Java code, j=interpreted, Vv=VM code, C=native code)
V  [jvm.dll+0x6723da]
V  [jvm.dll+0x7d1f74]
V  [jvm.dll+0x7d371e]
V  [jvm.dll+0x7d3d37]
V  [jvm.dll+0x242e3c]
V  [jvm.dll+0x242d83]
V  [jvm.dll+0x6c3614]
V  [jvm.dll+0x6c1d45]
V  [jvm.dll+0x1ff016]
V  [jvm.dll+0x1fd6e6]
V  [jvm.dll+0x6484f4]
V  [jvm.dll+0x64b3d4]
V  [jvm.dll+0x1c31a7]
V  [jvm.dll+0x132591]
V  [jvm.dll+0x13195a]
V  [jvm.dll+0x133621]
V  [jvm.dll+0x224c78]
V  [jvm.dll+0x222de5]
V  [jvm.dll+0x787a5b]
V  [jvm.dll+0x78201a]
V  [jvm.dll+0x671265]
C  [ucrtbase.dll+0x21bb2]
C  [KERNEL32.DLL+0x17344]
C  [ntdll.dll+0x526b1]


---------------  P R O C E S S  ---------------

Threads class SMR info:
_java_thread_list=0x00000210ab832700, length=112, elements={
0x0000021084bcb5a0, 0x00000210a2dc1350, 0x00000210a2dc2870, 0x00000210a2dda120,
0x00000210a2ddda00, 0x00000210a2dde2c0, 0x00000210a2ddfb90, 0x00000210a2de0830,
0x00000210a2de2e10, 0x00000210a2de5720, 0x00000210a2dabcd0, 0x00000210a39e2f70,
0x00000210a59ce010, 0x00000210a4d22040, 0x00000210a4374730, 0x00000210a4ac52f0,
0x00000210a54c2690, 0x00000210a5849870, 0x00000210a4903b40, 0x00000210a48bf3c0,
0x00000210a48bf890, 0x00000210a48c0230, 0x00000210a48c0700, 0x00000210a48be080,
0x00000210a48c10a0, 0x00000210a48beef0, 0x00000210a48c0bd0, 0x00000210a48bfd60,
0x00000210a48c1570, 0x00000210a48c1a40, 0x00000210a48be550, 0x00000210a48bea20,
0x00000210a5cbbef0, 0x00000210a5cbcd60, 0x00000210a5cb93a0, 0x00000210a5cbef10,
0x00000210a5cbc890, 0x00000210a5cbb080, 0x00000210a5cbf3e0, 0x00000210a5cbe0a0,
0x00000210a5cbf8b0, 0x00000210a5cbfd80, 0x00000210a5cb8a00, 0x00000210a5cb8ed0,
0x00000210a5cba210, 0x00000210a5cb9d40, 0x00000210a5cbba20, 0x00000210a5cbdbd0,
0x00000210aa44be20, 0x00000210aa44f310, 0x00000210aa448e00, 0x00000210aa4492d0,
0x00000210aa44e970, 0x00000210aa44b480, 0x00000210aa44aae0, 0x00000210aa44cc90,
0x00000210aa44a610, 0x00000210aa44d160, 0x00000210aa44f7e0, 0x00000210aa44afb0,
0x00000210aa44c7c0, 0x00000210aa44d630, 0x00000210aa44ee40, 0x00000210aa44db00,
0x00000210aa44dfd0, 0x00000210aa44fcb0, 0x00000210aa44e4a0, 0x00000210aa448930,
0x00000210aa449c70, 0x00000210a9702860, 0x00000210a96fe9d0, 0x00000210a9701520,
0x00000210a9702d30, 0x00000210a96ffd10, 0x00000210a9703200, 0x00000210a96feea0,
0x00000210a96fe030, 0x00000210a97036d0, 0x00000210a9701050, 0x00000210a97001e0,
0x00000210a96fe500, 0x00000210a96fc820, 0x00000210a9703ba0, 0x00000210a97019f0,
0x00000210a96fd690, 0x00000210a9700b80, 0x00000210a96fdb60, 0x00000210a4230d60,
0x00000210a4232f10, 0x00000210a42320a0, 0x00000210a422ca00, 0x00000210a4231230,
0x00000210a422e6e0, 0x00000210a422c530, 0x00000210a4231700, 0x00000210a422e210,
0x00000210a422fa20, 0x00000210a422ced0, 0x00000210a422d870, 0x00000210a422f080,
0x00000210a422dd40, 0x00000210a422f550, 0x00000210a96fd1c0, 0x00000210a9701ec0,
0x00000210a7e69360, 0x00000210aad9a560, 0x00000210aad9da50, 0x00000210aad9aa30,
0x00000210aad9a090, 0x00000210aad9af00, 0x00000210aad9d580, 0x00000210aad9cbe0
}

Java Threads: ( => current thread )
  0x0000021084bcb5a0 JavaThread "main" [_thread_blocked, id=17104, stack(0x0000005daa600000,0x0000005daa700000)]
  0x00000210a2dc1350 JavaThread "Reference Handler" daemon [_thread_blocked, id=10728, stack(0x0000005daad00000,0x0000005daae00000)]
  0x00000210a2dc2870 JavaThread "Finalizer" daemon [_thread_blocked, id=20732, stack(0x0000005daae00000,0x0000005daaf00000)]
  0x00000210a2dda120 JavaThread "Signal Dispatcher" daemon [_thread_blocked, id=14316, stack(0x0000005daaf00000,0x0000005dab000000)]
  0x00000210a2ddda00 JavaThread "Attach Listener" daemon [_thread_blocked, id=4912, stack(0x0000005dab000000,0x0000005dab100000)]
  0x00000210a2dde2c0 JavaThread "Service Thread" daemon [_thread_blocked, id=6764, stack(0x0000005dab100000,0x0000005dab200000)]
  0x00000210a2ddfb90 JavaThread "Monitor Deflation Thread" daemon [_thread_blocked, id=384, stack(0x0000005dab200000,0x0000005dab300000)]
  0x00000210a2de0830 JavaThread "C2 CompilerThread0" daemon [_thread_blocked, id=19968, stack(0x0000005dab300000,0x0000005dab400000)]
=>0x00000210a2de2e10 JavaThread "C1 CompilerThread0" daemon [_thread_in_vm, id=22520, stack(0x0000005dab400000,0x0000005dab500000)]
  0x00000210a2de5720 JavaThread "Sweeper thread" daemon [_thread_blocked, id=11224, stack(0x0000005dab500000,0x0000005dab600000)]
  0x00000210a2dabcd0 JavaThread "Common-Cleaner" daemon [_thread_blocked, id=10336, stack(0x0000005dab600000,0x0000005dab700000)]
  0x00000210a39e2f70 JavaThread "Notification Thread" daemon [_thread_blocked, id=22048, stack(0x0000005dab700000,0x0000005dab800000)]
  0x00000210a59ce010 JavaThread "Daemon health stats" [_thread_blocked, id=18156, stack(0x0000005dac000000,0x0000005dac100000)]
  0x00000210a4d22040 JavaThread "Incoming local TCP Connector on port 59472" [_thread_in_native, id=16900, stack(0x0000005dab900000,0x0000005daba00000)]
  0x00000210a4374730 JavaThread "Daemon periodic checks" [_thread_blocked, id=20512, stack(0x0000005dabf00000,0x0000005dac000000)]
  0x00000210a4ac52f0 JavaThread "Daemon" [_thread_blocked, id=252, stack(0x0000005dac100000,0x0000005dac200000)]
  0x00000210a54c2690 JavaThread "Handler for socket connection from /127.0.0.1:59472 to /127.0.0.1:59473" [_thread_in_native, id=3996, stack(0x0000005dac200000,0x0000005dac300000)]
  0x00000210a5849870 JavaThread "Cancel handler" [_thread_blocked, id=10000, stack(0x0000005dac300000,0x0000005dac400000)]
  0x00000210a4903b40 JavaThread "Daemon worker" [_thread_blocked, id=14664, stack(0x0000005dac400000,0x0000005dac500000)]
  0x00000210a48bf3c0 JavaThread "Asynchronous log dispatcher for DefaultDaemonConnection: socket connection from /127.0.0.1:59472 to /127.0.0.1:59473" [_thread_blocked, id=20548, stack(0x0000005dac500000,0x0000005dac600000)]
  0x00000210a48bf890 JavaThread "Stdin handler" [_thread_blocked, id=17224, stack(0x0000005dac600000,0x0000005dac700000)]
  0x00000210a48c0230 JavaThread "Daemon client event forwarder" [_thread_blocked, id=22060, stack(0x0000005dac700000,0x0000005dac800000)]
  0x00000210a48c0700 JavaThread "Cache worker for journal cache (C:\Users\pc gaming\.gradle\caches\journal-1)" [_thread_blocked, id=15212, stack(0x0000005dac800000,0x0000005dac900000)]
  0x00000210a48be080 JavaThread "File lock request listener" [_thread_in_native, id=19912, stack(0x0000005dac900000,0x0000005daca00000)]
  0x00000210a48c10a0 JavaThread "Cache worker for file hash cache (C:\Users\pc gaming\.gradle\caches\8.3\fileHashes)" [_thread_blocked, id=14908, stack(0x0000005dacb00000,0x0000005dacc00000)]
  0x00000210a48beef0 JavaThread "File watcher server" daemon [_thread_in_native, id=17368, stack(0x0000005daca00000,0x0000005dacb00000)]
  0x00000210a48c0bd0 JavaThread "File watcher consumer" daemon [_thread_blocked, id=20292, stack(0x0000005dacc00000,0x0000005dacd00000)]
  0x00000210a48bfd60 JavaThread "Cache worker for checksums cache (D:\rickAndMorty4DSM\rickAndMorty4DSM\android\.gradle\8.3\checksums)" [_thread_blocked, id=21140, stack(0x0000005dacd00000,0x0000005dace00000)]
  0x00000210a48c1570 JavaThread "Cache worker for file hash cache (D:\rickAndMorty4DSM\rickAndMorty4DSM\android\.gradle\8.3\fileHashes)" [_thread_blocked, id=5228, stack(0x0000005dace00000,0x0000005dacf00000)]
  0x00000210a48c1a40 JavaThread "Cache worker for cache directory md-supplier (C:\Users\pc gaming\.gradle\caches\8.3\md-supplier)" [_thread_blocked, id=21596, stack(0x0000005dacf00000,0x0000005dad000000)]
  0x00000210a48be550 JavaThread "Cache worker for file content cache (C:\Users\pc gaming\.gradle\caches\8.3\fileContent)" [_thread_blocked, id=5860, stack(0x0000005dad000000,0x0000005dad100000)]
  0x00000210a48bea20 JavaThread "Cache worker for cache directory md-rule (C:\Users\pc gaming\.gradle\caches\8.3\md-rule)" [_thread_blocked, id=21940, stack(0x0000005dad400000,0x0000005dad500000)]
  0x00000210a5cbbef0 JavaThread "Cache worker for execution history cache (C:\Users\pc gaming\.gradle\caches\8.3\executionHistory)" [_thread_blocked, id=15196, stack(0x0000005dad500000,0x0000005dad600000)]
  0x00000210a5cbcd60 JavaThread "jar transforms" [_thread_blocked, id=3676, stack(0x0000005dad800000,0x0000005dad900000)]
  0x00000210a5cb93a0 JavaThread "jar transforms Thread 2" [_thread_blocked, id=21532, stack(0x0000005dad900000,0x0000005dada00000)]
  0x00000210a5cbef10 JavaThread "jar transforms Thread 3" [_thread_blocked, id=21512, stack(0x0000005dad700000,0x0000005dad800000)]
  0x00000210a5cbc890 JavaThread "jar transforms Thread 4" [_thread_blocked, id=22040, stack(0x0000005dada00000,0x0000005dadb00000)]
  0x00000210a5cbb080 JavaThread "Cache worker for kotlin-dsl (C:\Users\pc gaming\.gradle\caches\8.3\kotlin-dsl)" [_thread_blocked, id=1508, stack(0x0000005dadc00000,0x0000005dadd00000)]
  0x00000210a5cbf3e0 JavaThread "jar transforms Thread 5" [_thread_blocked, id=22452, stack(0x0000005dadd00000,0x0000005dade00000)]
  0x00000210a5cbe0a0 JavaThread "jar transforms Thread 6" [_thread_blocked, id=21440, stack(0x0000005dade00000,0x0000005dadf00000)]
  0x00000210a5cbf8b0 JavaThread "Unconstrained build operations" [_thread_blocked, id=572, stack(0x0000005dad600000,0x0000005dad700000)]
  0x00000210a5cbfd80 JavaThread "Unconstrained build operations Thread 2" [_thread_blocked, id=21928, stack(0x0000005dadb00000,0x0000005dadc00000)]
  0x00000210a5cb8a00 JavaThread "jar transforms Thread 7" [_thread_blocked, id=13360, stack(0x0000005dae000000,0x0000005dae100000)]
  0x00000210a5cb8ed0 JavaThread "jar transforms Thread 8" [_thread_blocked, id=19924, stack(0x0000005dae100000,0x0000005dae200000)]
  0x00000210a5cba210 JavaThread "Cache worker for dependencies-accessors (D:\rickAndMorty4DSM\rickAndMorty4DSM\android\.gradle\8.3\dependencies-accessors)" [_thread_blocked, id=18924, stack(0x0000005dae300000,0x0000005dae400000)]
  0x00000210a5cb9d40 JavaThread "Cache worker for Build Output Cleanup Cache (D:\rickAndMorty4DSM\rickAndMorty4DSM\node_modules\@react-native\gradle-plugin\.gradle\buildOutputCleanup)" [_thread_blocked, id=8576, stack(0x0000005dae500000,0x0000005dae600000)]
  0x00000210a5cbba20 JavaThread "Unconstrained build operations Thread 3" [_thread_blocked, id=20020, stack(0x0000005dae600000,0x0000005dae700000)]
  0x00000210a5cbdbd0 JavaThread "Unconstrained build operations Thread 4" [_thread_blocked, id=12840, stack(0x0000005dae700000,0x0000005dae800000)]
  0x00000210aa44be20 JavaThread "Unconstrained build operations Thread 5" [_thread_blocked, id=9472, stack(0x0000005dae800000,0x0000005dae900000)]
  0x00000210aa44f310 JavaThread "Unconstrained build operations Thread 6" [_thread_blocked, id=13432, stack(0x0000005dae900000,0x0000005daea00000)]
  0x00000210aa448e00 JavaThread "Unconstrained build operations Thread 7" [_thread_blocked, id=17968, stack(0x0000005daea00000,0x0000005daeb00000)]
  0x00000210aa4492d0 JavaThread "Unconstrained build operations Thread 8" [_thread_blocked, id=21460, stack(0x0000005daeb00000,0x0000005daec00000)]
  0x00000210aa44e970 JavaThread "Unconstrained build operations Thread 9" [_thread_blocked, id=10200, stack(0x0000005daec00000,0x0000005daed00000)]
  0x00000210aa44b480 JavaThread "Memory manager" [_thread_blocked, id=996, stack(0x0000005dae400000,0x0000005dae500000)]
  0x00000210aa44aae0 JavaThread "Cache worker for Build Output Cleanup Cache (D:\rickAndMorty4DSM\rickAndMorty4DSM\android\.gradle\buildOutputCleanup)" [_thread_blocked, id=22272, stack(0x0000005daf000000,0x0000005daf100000)]
  0x00000210aa44cc90 JavaThread "ForkJoinPool.commonPool-worker-1" daemon [_thread_blocked, id=9928, stack(0x0000005daf100000,0x0000005daf200000)]
  0x00000210aa44a610 JavaThread "ForkJoinPool.commonPool-worker-2" daemon [_thread_blocked, id=20996, stack(0x0000005daf200000,0x0000005daf300000)]
  0x00000210aa44d160 JavaThread "ForkJoinPool.commonPool-worker-3" daemon [_thread_blocked, id=20728, stack(0x0000005daf300000,0x0000005daf400000)]
  0x00000210aa44f7e0 JavaThread "ForkJoinPool.commonPool-worker-4" daemon [_thread_blocked, id=17944, stack(0x0000005daf400000,0x0000005daf500000)]
  0x00000210aa44afb0 JavaThread "ForkJoinPool.commonPool-worker-5" daemon [_thread_blocked, id=7136, stack(0x0000005daf500000,0x0000005daf600000)]
  0x00000210aa44c7c0 JavaThread "ForkJoinPool.commonPool-worker-6" daemon [_thread_blocked, id=6536, stack(0x0000005daf600000,0x0000005daf700000)]
  0x00000210aa44d630 JavaThread "ForkJoinPool.commonPool-worker-7" daemon [_thread_blocked, id=21860, stack(0x0000005daf700000,0x0000005daf800000)]
  0x00000210aa44ee40 JavaThread "Exec process" daemon [_thread_blocked, id=21960, stack(0x0000005daf800000,0x0000005daf900000)]
  0x00000210aa44db00 JavaThread "Exec process Thread 2" daemon [_thread_blocked, id=7788, stack(0x0000005daf900000,0x0000005dafa00000)]
  0x00000210aa44dfd0 JavaThread "Exec process Thread 3" daemon [_thread_blocked, id=17452, stack(0x0000005dafa00000,0x0000005dafb00000)]
  0x00000210aa44fcb0 JavaThread "included builds" [_thread_blocked, id=22200, stack(0x0000005daed00000,0x0000005daee00000)]
  0x00000210aa44e4a0 JavaThread "Execution worker" [_thread_blocked, id=20596, stack(0x0000005dafb00000,0x0000005dafc00000)]
  0x00000210aa448930 JavaThread "Execution worker Thread 2" [_thread_blocked, id=16104, stack(0x0000005dafc00000,0x0000005dafd00000)]
  0x00000210aa449c70 JavaThread "Execution worker Thread 3" [_thread_blocked, id=21924, stack(0x0000005dafd00000,0x0000005dafe00000)]
  0x00000210a9702860 JavaThread "Execution worker Thread 4" [_thread_blocked, id=2852, stack(0x0000005dafe00000,0x0000005daff00000)]
  0x00000210a96fe9d0 JavaThread "Execution worker Thread 5" [_thread_blocked, id=16960, stack(0x0000005daff00000,0x0000005db0000000)]
  0x00000210a9701520 JavaThread "Execution worker Thread 6" [_thread_blocked, id=12448, stack(0x0000005db0000000,0x0000005db0100000)]
  0x00000210a9702d30 JavaThread "Execution worker Thread 7" [_thread_blocked, id=15564, stack(0x0000005db0100000,0x0000005db0200000)]
  0x00000210a96ffd10 JavaThread "Cache worker for execution history cache (D:\rickAndMorty4DSM\rickAndMorty4DSM\node_modules\@react-native\gradle-plugin\.gradle\8.3\executionHistory)" [_thread_blocked, id=18384, stack(0x0000005db0200000,0x0000005db0300000)]
  0x00000210a9703200 JavaThread "Unconstrained build operations Thread 10" [_thread_blocked, id=5552, stack(0x0000005dae200000,0x0000005dae300000)]
  0x00000210a96feea0 JavaThread "Unconstrained build operations Thread 11" [_thread_blocked, id=22396, stack(0x0000005db0300000,0x0000005db0400000)]
  0x00000210a96fe030 JavaThread "Unconstrained build operations Thread 12" [_thread_blocked, id=19652, stack(0x0000005db0400000,0x0000005db0500000)]
  0x00000210a97036d0 JavaThread "Unconstrained build operations Thread 13" [_thread_blocked, id=12924, stack(0x0000005db0500000,0x0000005db0600000)]
  0x00000210a9701050 JavaThread "Unconstrained build operations Thread 14" [_thread_blocked, id=5000, stack(0x0000005db0600000,0x0000005db0700000)]
  0x00000210a97001e0 JavaThread "Unconstrained build operations Thread 15" [_thread_blocked, id=11032, stack(0x0000005db0700000,0x0000005db0800000)]
  0x00000210a96fe500 JavaThread "Unconstrained build operations Thread 16" [_thread_blocked, id=9492, stack(0x0000005db0800000,0x0000005db0900000)]
  0x00000210a96fc820 JavaThread "Unconstrained build operations Thread 17" [_thread_blocked, id=15684, stack(0x0000005db0900000,0x0000005db0a00000)]
  0x00000210a9703ba0 JavaThread "Unconstrained build operations Thread 18" [_thread_blocked, id=21584, stack(0x0000005db0a00000,0x0000005db0b00000)]
  0x00000210a97019f0 JavaThread "WorkerExecutor Queue" [_thread_blocked, id=19900, stack(0x0000005db0c00000,0x0000005db0d00000)]
  0x00000210a96fd690 JavaThread "RMI Scheduler(0)" daemon [_thread_blocked, id=12900, stack(0x0000005db0b00000,0x0000005db0c00000)]
  0x00000210a9700b80 JavaThread "RMI GC Daemon" daemon [_thread_blocked, id=21976, stack(0x0000005db0e00000,0x0000005db0f00000)]
  0x00000210a96fdb60 JavaThread "RMI TCP Accept-0" daemon [_thread_in_native, id=6412, stack(0x0000005db0f00000,0x0000005db1000000)]
  0x00000210a4230d60 JavaThread "RMI Reaper" [_thread_blocked, id=5480, stack(0x0000005db1000000,0x0000005db1100000)]
  0x00000210a4232f10 JavaThread "RMI TCP Connection(2)-127.0.0.1" daemon [_thread_in_native, id=16320, stack(0x0000005db1100000,0x0000005db1200000)]
  0x00000210a42320a0 JavaThread "Unconstrained build operations Thread 19" [_thread_blocked, id=16260, stack(0x0000005daa300000,0x0000005daa400000)]
  0x00000210a422ca00 JavaThread "Unconstrained build operations Thread 20" [_thread_blocked, id=2656, stack(0x0000005daa400000,0x0000005daa500000)]
  0x00000210a4231230 JavaThread "Unconstrained build operations Thread 21" [_thread_blocked, id=18332, stack(0x0000005daa500000,0x0000005daa600000)]
  0x00000210a422e6e0 JavaThread "Unconstrained build operations Thread 22" [_thread_blocked, id=7376, stack(0x0000005db1200000,0x0000005db1300000)]
  0x00000210a422c530 JavaThread "Unconstrained build operations Thread 23" [_thread_blocked, id=15384, stack(0x0000005db1300000,0x0000005db1400000)]
  0x00000210a4231700 JavaThread "Unconstrained build operations Thread 24" [_thread_blocked, id=3440, stack(0x0000005db1400000,0x0000005db1500000)]
  0x00000210a422e210 JavaThread "Unconstrained build operations Thread 25" [_thread_blocked, id=17004, stack(0x0000005db1500000,0x0000005db1600000)]
  0x00000210a422fa20 JavaThread "Unconstrained build operations Thread 26" [_thread_blocked, id=19484, stack(0x0000005db1800000,0x0000005db1900000)]
  0x00000210a422ced0 JavaThread "Unconstrained build operations Thread 27" [_thread_blocked, id=22412, stack(0x0000005db1900000,0x0000005db1a00000)]
  0x00000210a422d870 JavaThread "Unconstrained build operations Thread 28" [_thread_blocked, id=356, stack(0x0000005db1a00000,0x0000005db1b00000)]
  0x00000210a422f080 JavaThread "Unconstrained build operations Thread 29" [_thread_blocked, id=13300, stack(0x0000005db1b00000,0x0000005db1c00000)]
  0x00000210a422dd40 JavaThread "Unconstrained build operations Thread 30" [_thread_blocked, id=5692, stack(0x0000005db1c00000,0x0000005db1d00000)]
  0x00000210a422f550 JavaThread "Unconstrained build operations Thread 31" [_thread_blocked, id=10576, stack(0x0000005db1d00000,0x0000005db1e00000)]
  0x00000210a96fd1c0 JavaThread "Unconstrained build operations Thread 32" [_thread_blocked, id=16884, stack(0x0000005db1e00000,0x0000005db1f00000)]
  0x00000210a9701ec0 JavaThread "Unconstrained build operations Thread 33" [_thread_blocked, id=5436, stack(0x0000005db1f00000,0x0000005db2000000)]
  0x00000210a7e69360 JavaThread "C2 CompilerThread1" daemon [_thread_blocked, id=8920, stack(0x0000005db0d00000,0x0000005db0e00000)]
  0x00000210aad9a560 JavaThread "Unconstrained build operations Thread 34" [_thread_blocked, id=7128, stack(0x0000005db2000000,0x0000005db2100000)]
  0x00000210aad9da50 JavaThread "Unconstrained build operations Thread 35" [_thread_blocked, id=21220, stack(0x0000005db2100000,0x0000005db2200000)]
  0x00000210aad9aa30 JavaThread "Unconstrained build operations Thread 36" [_thread_blocked, id=13624, stack(0x0000005db2200000,0x0000005db2300000)]
  0x00000210aad9a090 JavaThread "Unconstrained build operations Thread 37" [_thread_blocked, id=20072, stack(0x0000005db2300000,0x0000005db2400000)]
  0x00000210aad9af00 JavaThread "Unconstrained build operations Thread 38" [_thread_blocked, id=18520, stack(0x0000005db2400000,0x0000005db2500000)]
  0x00000210aad9d580 JavaThread "Unconstrained build operations Thread 39" [_thread_blocked, id=1872, stack(0x0000005db2500000,0x0000005db2600000)]
  0x00000210aad9cbe0 JavaThread "Unconstrained build operations Thread 40" [_thread_blocked, id=10132, stack(0x0000005db2600000,0x0000005db2700000)]

Other Threads:
  0x00000210a2dbc1b0 VMThread "VM Thread" [stack: 0x0000005daac00000,0x0000005daad00000] [id=11168]
  0x0000021084bcc550 WatcherThread [stack: 0x0000005dab800000,0x0000005dab900000] [id=4996]
  0x0000021084c25c60 GCTaskThread "GC Thread#0" [stack: 0x0000005daa700000,0x0000005daa800000] [id=22192]
  0x00000210a434d2b0 GCTaskThread "GC Thread#1" [stack: 0x0000005daba00000,0x0000005dabb00000] [id=16776]
  0x00000210a434d560 GCTaskThread "GC Thread#2" [stack: 0x0000005dabb00000,0x0000005dabc00000] [id=10244]
  0x00000210a434cd50 GCTaskThread "GC Thread#3" [stack: 0x0000005dabc00000,0x0000005dabd00000] [id=5276]
  0x00000210a434e2d0 GCTaskThread "GC Thread#4" [stack: 0x0000005dabd00000,0x0000005dabe00000] [id=20444]
  0x00000210a434d000 GCTaskThread "GC Thread#5" [stack: 0x0000005dabe00000,0x0000005dabf00000] [id=21604]
  0x00000210a41f47c0 GCTaskThread "GC Thread#6" [stack: 0x0000005dad100000,0x0000005dad200000] [id=21876]
  0x00000210a41f57e0 GCTaskThread "GC Thread#7" [stack: 0x0000005dad200000,0x0000005dad300000] [id=21984]
  0x0000021084c380d0 ConcurrentGCThread "G1 Main Marker" [stack: 0x0000005daa800000,0x0000005daa900000] [id=17620]
  0x0000021084c389f0 ConcurrentGCThread "G1 Conc#0" [stack: 0x0000005daa900000,0x0000005daaa00000] [id=22056]
  0x00000210a41f4260 ConcurrentGCThread "G1 Conc#1" [stack: 0x0000005dad300000,0x0000005dad400000] [id=21912]
  0x0000021084c9dbd0 ConcurrentGCThread "G1 Refine#0" [stack: 0x0000005daaa00000,0x0000005daab00000] [id=16136]
  0x0000021084c9e500 ConcurrentGCThread "G1 Service" [stack: 0x0000005daab00000,0x0000005daac00000] [id=2984]

Threads with active compile tasks:
C1 CompilerThread0    76511 15732       3       org.gradle.internal.metaobject.BeanDynamicObject$MetaClassAdapter::invokeMethod (229 bytes)
C2 CompilerThread1    76511 15729       4       groovy.lang.MetaClassImpl::filterPropertyMethod (305 bytes)

VM state: not at safepoint (normal execution)

VM Mutex/Monitor currently owned by a thread:  ([mutex/lock_event])
[0x0000021082acde90] CodeCache_lock - owner thread: 0x00000210a2de2e10
[0x0000021084bc6e30] Compile_lock - owner thread: 0x00000210a2de2e10
[0x0000021084bc6d10] MethodCompileQueue_lock - owner thread: 0x00000210a2de2e10

Heap address: 0x0000000080000000, size: 2048 MB, Compressed Oops mode: 32-bit

CDS archive(s) mapped at: [0x0000000800000000-0x0000000800bc0000-0x0000000800bc0000), size 12320768, SharedBaseAddress: 0x0000000800000000, ArchiveRelocationMode: 0.
Compressed class space mapped at: 0x0000000800c00000-0x000000081a800000, reserved size: 432013312
Narrow klass base: 0x0000000800000000, Narrow klass shift: 0, Narrow klass range: 0x100000000

GC Precious Log:
 CPUs: 8 total, 8 available
 Memory: 16381M
 Large Page Support: Disabled
 NUMA Support: Disabled
 Compressed Oops: Enabled (32-bit)
 Heap Region Size: 1M
 Heap Min Capacity: 8M
 Heap Initial Capacity: 256M
 Heap Max Capacity: 2G
 Pre-touch: Disabled
 Parallel Workers: 8
 Concurrent Workers: 2
 Concurrent Refinement Workers: 8
 Periodic GC: Disabled

Heap:
 garbage-first heap   total 247808K, used 146125K [0x0000000080000000, 0x0000000100000000)
  region size 1024K, 14 young (14336K), 10 survivors (10240K)
 Metaspace       used 113773K, committed 114816K, reserved 528384K
  class space    used 15690K, committed 16192K, reserved 421888K

Heap Regions: E=young(eden), S=young(survivor), O=old, HS=humongous(starts), HC=humongous(continues), CS=collection set, F=free, OA=open archive, CA=closed archive, TAMS=top-at-mark-start (previous, next)
|   0|0x0000000080000000, 0x0000000080100000, 0x0000000080100000|100%|HS|  |TAMS 0x0000000080100000, 0x0000000080000000| Complete 
|   1|0x0000000080100000, 0x0000000080200000, 0x0000000080200000|100%|HC|  |TAMS 0x0000000080200000, 0x0000000080100000| Complete 
|   2|0x0000000080200000, 0x0000000080300000, 0x0000000080300000|100%|HC|  |TAMS 0x0000000080300000, 0x0000000080200000| Complete 
|   3|0x0000000080300000, 0x0000000080400000, 0x0000000080400000|100%|HC|  |TAMS 0x0000000080400000, 0x0000000080300000| Complete 
|   4|0x0000000080400000, 0x0000000080500000, 0x0000000080500000|100%| O|  |TAMS 0x0000000080500000, 0x0000000080400000| Untracked 
|   5|0x0000000080500000, 0x0000000080600000, 0x0000000080600000|100%| O|  |TAMS 0x0000000080600000, 0x0000000080500000| Untracked 
|   6|0x0000000080600000, 0x0000000080700000, 0x0000000080700000|100%| O|  |TAMS 0x0000000080700000, 0x0000000080600000| Untracked 
|   7|0x0000000080700000, 0x0000000080800000, 0x0000000080800000|100%| O|  |TAMS 0x0000000080800000, 0x0000000080700000| Untracked 
|   8|0x0000000080800000, 0x0000000080900000, 0x0000000080900000|100%| O|  |TAMS 0x0000000080900000, 0x0000000080800000| Untracked 
|   9|0x0000000080900000, 0x0000000080a00000, 0x0000000080a00000|100%| O|  |TAMS 0x0000000080a00000, 0x0000000080900000| Untracked 
|  10|0x0000000080a00000, 0x0000000080b00000, 0x0000000080b00000|100%| O|  |TAMS 0x0000000080b00000, 0x0000000080a00000| Untracked 
|  11|0x0000000080b00000, 0x0000000080c00000, 0x0000000080c00000|100%| O|  |TAMS 0x0000000080c00000, 0x0000000080b00000| Untracked 
|  12|0x0000000080c00000, 0x0000000080d00000, 0x0000000080d00000|100%| O|  |TAMS 0x0000000080d00000, 0x0000000080c00000| Untracked 
|  13|0x0000000080d00000, 0x0000000080e00000, 0x0000000080e00000|100%| O|  |TAMS 0x0000000080e00000, 0x0000000080d00000| Untracked 
|  14|0x0000000080e00000, 0x0000000080f00000, 0x0000000080f00000|100%| O|  |TAMS 0x0000000080f00000, 0x0000000080e00000| Untracked 
|  15|0x0000000080f00000, 0x0000000081000000, 0x0000000081000000|100%| O|  |TAMS 0x0000000081000000, 0x0000000080f00000| Untracked 
|  16|0x0000000081000000, 0x0000000081100000, 0x0000000081100000|100%| O|  |TAMS 0x0000000081100000, 0x0000000081000000| Untracked 
|  17|0x0000000081100000, 0x0000000081200000, 0x0000000081200000|100%| O|  |TAMS 0x0000000081200000, 0x0000000081100000| Untracked 
|  18|0x0000000081200000, 0x0000000081300000, 0x0000000081300000|100%| O|  |TAMS 0x0000000081300000, 0x0000000081200000| Untracked 
|  19|0x0000000081300000, 0x0000000081400000, 0x0000000081400000|100%| O|  |TAMS 0x0000000081400000, 0x0000000081300000| Untracked 
|  20|0x0000000081400000, 0x0000000081500000, 0x0000000081500000|100%| O|  |TAMS 0x0000000081500000, 0x0000000081400000| Untracked 
|  21|0x0000000081500000, 0x0000000081600000, 0x0000000081600000|100%| O|  |TAMS 0x0000000081600000, 0x0000000081500000| Untracked 
|  22|0x0000000081600000, 0x0000000081700000, 0x0000000081700000|100%| O|  |TAMS 0x0000000081700000, 0x0000000081600000| Untracked 
|  23|0x0000000081700000, 0x0000000081800000, 0x0000000081800000|100%| O|  |TAMS 0x0000000081800000, 0x0000000081700000| Untracked 
|  24|0x0000000081800000, 0x0000000081900000, 0x0000000081900000|100%| O|  |TAMS 0x0000000081900000, 0x0000000081800000| Untracked 
|  25|0x0000000081900000, 0x0000000081a00000, 0x0000000081a00000|100%| O|  |TAMS 0x0000000081a00000, 0x0000000081900000| Untracked 
|  26|0x0000000081a00000, 0x0000000081b00000, 0x0000000081b00000|100%| O|  |TAMS 0x0000000081b00000, 0x0000000081a00000| Untracked 
|  27|0x0000000081b00000, 0x0000000081c00000, 0x0000000081c00000|100%| O|  |TAMS 0x0000000081c00000, 0x0000000081b00000| Untracked 
|  28|0x0000000081c00000, 0x0000000081d00000, 0x0000000081d00000|100%| O|  |TAMS 0x0000000081d00000, 0x0000000081c00000| Untracked 
|  29|0x0000000081d00000, 0x0000000081e00000, 0x0000000081e00000|100%| O|  |TAMS 0x0000000081e00000, 0x0000000081d00000| Untracked 
|  30|0x0000000081e00000, 0x0000000081f00000, 0x0000000081f00000|100%| O|  |TAMS 0x0000000081f00000, 0x0000000081e00000| Untracked 
|  31|0x0000000081f00000, 0x0000000082000000, 0x0000000082000000|100%| O|  |TAMS 0x0000000082000000, 0x0000000081f00000| Untracked 
|  32|0x0000000082000000, 0x0000000082100000, 0x0000000082100000|100%| O|  |TAMS 0x0000000082100000, 0x0000000082000000| Untracked 
|  33|0x0000000082100000, 0x0000000082200000, 0x0000000082200000|100%| O|  |TAMS 0x0000000082200000, 0x0000000082100000| Untracked 
|  34|0x0000000082200000, 0x0000000082300000, 0x0000000082300000|100%| O|  |TAMS 0x0000000082300000, 0x0000000082200000| Untracked 
|  35|0x0000000082300000, 0x0000000082400000, 0x0000000082400000|100%| O|  |TAMS 0x0000000082400000, 0x0000000082300000| Untracked 
|  36|0x0000000082400000, 0x0000000082500000, 0x0000000082500000|100%| O|  |TAMS 0x0000000082500000, 0x0000000082400000| Untracked 
|  37|0x0000000082500000, 0x0000000082600000, 0x0000000082600000|100%| O|  |TAMS 0x0000000082600000, 0x0000000082500000| Untracked 
|  38|0x0000000082600000, 0x0000000082700000, 0x0000000082700000|100%| O|  |TAMS 0x0000000082700000, 0x0000000082600000| Untracked 
|  39|0x0000000082700000, 0x0000000082800000, 0x0000000082800000|100%|HS|  |TAMS 0x0000000082700000, 0x0000000082700000| Complete 
|  40|0x0000000082800000, 0x0000000082900000, 0x0000000082900000|100%| O|  |TAMS 0x0000000082900000, 0x0000000082800000| Untracked 
|  41|0x0000000082900000, 0x0000000082a00000, 0x0000000082a00000|100%| O|  |TAMS 0x0000000082a00000, 0x0000000082900000| Untracked 
|  42|0x0000000082a00000, 0x0000000082b00000, 0x0000000082b00000|100%| O|  |TAMS 0x0000000082b00000, 0x0000000082a00000| Untracked 
|  43|0x0000000082b00000, 0x0000000082c00000, 0x0000000082c00000|100%|HS|  |TAMS 0x0000000082c00000, 0x0000000082b00000| Complete 
|  44|0x0000000082c00000, 0x0000000082d00000, 0x0000000082d00000|100%|HC|  |TAMS 0x0000000082d00000, 0x0000000082c00000| Complete 
|  45|0x0000000082d00000, 0x0000000082e00000, 0x0000000082e00000|100%|HS|  |TAMS 0x0000000082e00000, 0x0000000082d00000| Complete 
|  46|0x0000000082e00000, 0x0000000082f00000, 0x0000000082f00000|100%|HC|  |TAMS 0x0000000082f00000, 0x0000000082e00000| Complete 
|  47|0x0000000082f00000, 0x0000000083000000, 0x0000000083000000|100%|HS|  |TAMS 0x0000000083000000, 0x0000000082f00000| Complete 
|  48|0x0000000083000000, 0x0000000083100000, 0x0000000083100000|100%|HC|  |TAMS 0x0000000083100000, 0x0000000083000000| Complete 
|  49|0x0000000083100000, 0x0000000083200000, 0x0000000083200000|100%|HC|  |TAMS 0x0000000083200000, 0x0000000083100000| Complete 
|  50|0x0000000083200000, 0x0000000083300000, 0x0000000083300000|100%|HC|  |TAMS 0x0000000083300000, 0x0000000083200000| Complete 
|  51|0x0000000083300000, 0x0000000083400000, 0x0000000083400000|100%| O|  |TAMS 0x0000000083400000, 0x0000000083300000| Untracked 
|  52|0x0000000083400000, 0x0000000083500000, 0x0000000083500000|100%| O|  |TAMS 0x0000000083500000, 0x0000000083400000| Untracked 
|  53|0x0000000083500000, 0x0000000083600000, 0x0000000083600000|100%| O|  |TAMS 0x0000000083600000, 0x0000000083500000| Untracked 
|  54|0x0000000083600000, 0x0000000083700000, 0x0000000083700000|100%| O|  |TAMS 0x0000000083700000, 0x0000000083600000| Untracked 
|  55|0x0000000083700000, 0x0000000083800000, 0x0000000083800000|100%|HS|  |TAMS 0x0000000083800000, 0x0000000083700000| Complete 
|  56|0x0000000083800000, 0x0000000083900000, 0x0000000083900000|100%|HC|  |TAMS 0x0000000083900000, 0x0000000083800000| Complete 
|  57|0x0000000083900000, 0x0000000083a00000, 0x0000000083a00000|100%|HC|  |TAMS 0x0000000083a00000, 0x0000000083900000| Complete 
|  58|0x0000000083a00000, 0x0000000083b00000, 0x0000000083b00000|100%|HC|  |TAMS 0x0000000083b00000, 0x0000000083a00000| Complete 
|  59|0x0000000083b00000, 0x0000000083c00000, 0x0000000083c00000|100%| O|  |TAMS 0x0000000083c00000, 0x0000000083b00000| Untracked 
|  60|0x0000000083c00000, 0x0000000083d00000, 0x0000000083d00000|100%| O|  |TAMS 0x0000000083d00000, 0x0000000083c00000| Untracked 
|  61|0x0000000083d00000, 0x0000000083e00000, 0x0000000083e00000|100%| O|  |TAMS 0x0000000083e00000, 0x0000000083d00000| Untracked 
|  62|0x0000000083e00000, 0x0000000083f00000, 0x0000000083f00000|100%| O|  |TAMS 0x0000000083e8ea00, 0x0000000083e00000| Untracked 
|  63|0x0000000083f00000, 0x0000000084000000, 0x0000000084000000|100%| O|  |TAMS 0x0000000083f00000, 0x0000000083f00000| Untracked 
|  64|0x0000000084000000, 0x0000000084100000, 0x0000000084100000|100%| O|  |TAMS 0x0000000084000000, 0x0000000084000000| Untracked 
|  65|0x0000000084100000, 0x0000000084200000, 0x0000000084200000|100%| O|  |TAMS 0x0000000084100000, 0x0000000084100000| Untracked 
|  66|0x0000000084200000, 0x0000000084300000, 0x0000000084300000|100%| O|  |TAMS 0x0000000084200000, 0x0000000084200000| Untracked 
|  67|0x0000000084300000, 0x0000000084400000, 0x0000000084400000|100%| O|  |TAMS 0x0000000084300000, 0x0000000084300000| Untracked 
|  68|0x0000000084400000, 0x0000000084500000, 0x0000000084500000|100%|HS|  |TAMS 0x0000000084400000, 0x0000000084400000| Complete 
|  69|0x0000000084500000, 0x0000000084600000, 0x0000000084600000|100%|HS|  |TAMS 0x0000000084500000, 0x0000000084500000| Complete 
|  70|0x0000000084600000, 0x0000000084700000, 0x0000000084700000|100%|HS|  |TAMS 0x0000000084600000, 0x0000000084600000| Complete 
|  71|0x0000000084700000, 0x0000000084800000, 0x0000000084800000|100%| O|  |TAMS 0x0000000084700000, 0x0000000084700000| Untracked 
|  72|0x0000000084800000, 0x0000000084900000, 0x0000000084900000|100%| O|  |TAMS 0x0000000084800000, 0x0000000084800000| Untracked 
|  73|0x0000000084900000, 0x0000000084a00000, 0x0000000084a00000|100%| O|  |TAMS 0x0000000084900000, 0x0000000084900000| Untracked 
|  74|0x0000000084a00000, 0x0000000084b00000, 0x0000000084b00000|100%| O|  |TAMS 0x0000000084a00000, 0x0000000084a00000| Untracked 
|  75|0x0000000084b00000, 0x0000000084c00000, 0x0000000084c00000|100%| O|  |TAMS 0x0000000084b00000, 0x0000000084b00000| Untracked 
|  76|0x0000000084c00000, 0x0000000084d00000, 0x0000000084d00000|100%| O|  |TAMS 0x0000000084c00000, 0x0000000084c00000| Untracked 
|  77|0x0000000084d00000, 0x0000000084e00000, 0x0000000084e00000|100%| O|  |TAMS 0x0000000084d00000, 0x0000000084d00000| Untracked 
|  78|0x0000000084e00000, 0x0000000084f00000, 0x0000000084f00000|100%| O|  |TAMS 0x0000000084e00000, 0x0000000084e00000| Untracked 
|  79|0x0000000084f00000, 0x0000000085000000, 0x0000000085000000|100%| O|  |TAMS 0x0000000084f00000, 0x0000000084f00000| Untracked 
|  80|0x0000000085000000, 0x0000000085100000, 0x0000000085100000|100%| O|  |TAMS 0x0000000085000000, 0x0000000085000000| Untracked 
|  81|0x0000000085100000, 0x0000000085200000, 0x0000000085200000|100%| O|  |TAMS 0x0000000085100000, 0x0000000085100000| Untracked 
|  82|0x0000000085200000, 0x0000000085300000, 0x0000000085300000|100%| O|  |TAMS 0x0000000085200000, 0x0000000085200000| Untracked 
|  83|0x0000000085300000, 0x0000000085400000, 0x0000000085400000|100%| O|  |TAMS 0x0000000085300000, 0x0000000085300000| Untracked 
|  84|0x0000000085400000, 0x0000000085500000, 0x0000000085500000|100%| O|  |TAMS 0x0000000085400000, 0x0000000085400000| Untracked 
|  85|0x0000000085500000, 0x0000000085600000, 0x0000000085600000|100%| O|  |TAMS 0x0000000085500000, 0x0000000085500000| Untracked 
|  86|0x0000000085600000, 0x0000000085700000, 0x0000000085700000|100%| O|  |TAMS 0x0000000085600000, 0x0000000085600000| Untracked 
|  87|0x0000000085700000, 0x0000000085800000, 0x0000000085800000|100%| O|  |TAMS 0x0000000085700000, 0x0000000085700000| Untracked 
|  88|0x0000000085800000, 0x0000000085900000, 0x0000000085900000|100%| O|  |TAMS 0x0000000085800000, 0x0000000085800000| Untracked 
|  89|0x0000000085900000, 0x0000000085a00000, 0x0000000085a00000|100%| O|  |TAMS 0x0000000085900000, 0x0000000085900000| Untracked 
|  90|0x0000000085a00000, 0x0000000085b00000, 0x0000000085b00000|100%| O|  |TAMS 0x0000000085a00000, 0x0000000085a00000| Untracked 
|  91|0x0000000085b00000, 0x0000000085c00000, 0x0000000085c00000|100%| O|  |TAMS 0x0000000085b00000, 0x0000000085b00000| Untracked 
|  92|0x0000000085c00000, 0x0000000085d00000, 0x0000000085d00000|100%| O|  |TAMS 0x0000000085c00000, 0x0000000085c00000| Untracked 
|  93|0x0000000085d00000, 0x0000000085e00000, 0x0000000085e00000|100%| O|  |TAMS 0x0000000085d00000, 0x0000000085d00000| Untracked 
|  94|0x0000000085e00000, 0x0000000085f00000, 0x0000000085f00000|100%| O|  |TAMS 0x0000000085e00000, 0x0000000085e00000| Untracked 
|  95|0x0000000085f00000, 0x0000000086000000, 0x0000000086000000|100%| O|  |TAMS 0x0000000085f00000, 0x0000000085f00000| Untracked 
|  96|0x0000000086000000, 0x0000000086100000, 0x0000000086100000|100%| O|  |TAMS 0x0000000086000000, 0x0000000086000000| Untracked 
|  97|0x0000000086100000, 0x0000000086200000, 0x0000000086200000|100%| O|  |TAMS 0x0000000086100000, 0x0000000086100000| Untracked 
|  98|0x0000000086200000, 0x0000000086300000, 0x0000000086300000|100%| O|  |TAMS 0x0000000086200000, 0x0000000086200000| Untracked 
|  99|0x0000000086300000, 0x0000000086400000, 0x0000000086400000|100%| O|  |TAMS 0x0000000086300000, 0x0000000086300000| Untracked 
| 100|0x0000000086400000, 0x0000000086500000, 0x0000000086500000|100%| O|  |TAMS 0x0000000086400000, 0x0000000086400000| Untracked 
| 101|0x0000000086500000, 0x0000000086600000, 0x0000000086600000|100%| O|  |TAMS 0x0000000086500000, 0x0000000086500000| Untracked 
| 102|0x0000000086600000, 0x0000000086700000, 0x0000000086700000|100%| O|  |TAMS 0x0000000086600000, 0x0000000086600000| Untracked 
| 103|0x0000000086700000, 0x0000000086800000, 0x0000000086800000|100%| O|  |TAMS 0x0000000086700000, 0x0000000086700000| Untracked 
| 104|0x0000000086800000, 0x0000000086900000, 0x0000000086900000|100%| O|  |TAMS 0x0000000086800000, 0x0000000086800000| Untracked 
| 105|0x0000000086900000, 0x0000000086a00000, 0x0000000086a00000|100%| O|  |TAMS 0x0000000086900000, 0x0000000086900000| Untracked 
| 106|0x0000000086a00000, 0x0000000086b00000, 0x0000000086b00000|100%| O|  |TAMS 0x0000000086a00000, 0x0000000086a00000| Untracked 
| 107|0x0000000086b00000, 0x0000000086c00000, 0x0000000086c00000|100%| O|  |TAMS 0x0000000086b00000, 0x0000000086b00000| Untracked 
| 108|0x0000000086c00000, 0x0000000086d00000, 0x0000000086d00000|100%| O|  |TAMS 0x0000000086c00000, 0x0000000086c00000| Untracked 
| 109|0x0000000086d00000, 0x0000000086e00000, 0x0000000086e00000|100%| O|  |TAMS 0x0000000086d00000, 0x0000000086d00000| Untracked 
| 110|0x0000000086e00000, 0x0000000086f00000, 0x0000000086f00000|100%| O|  |TAMS 0x0000000086e00000, 0x0000000086e00000| Untracked 
| 111|0x0000000086f00000, 0x0000000087000000, 0x0000000087000000|100%| O|  |TAMS 0x0000000086f00000, 0x0000000086f00000| Untracked 
| 112|0x0000000087000000, 0x0000000087100000, 0x0000000087100000|100%|HS|  |TAMS 0x0000000087000000, 0x0000000087000000| Complete 
| 113|0x0000000087100000, 0x0000000087200000, 0x0000000087200000|100%|HS|  |TAMS 0x0000000087100000, 0x0000000087100000| Complete 
| 114|0x0000000087200000, 0x0000000087300000, 0x0000000087300000|100%|HS|  |TAMS 0x0000000087200000, 0x0000000087200000| Complete 
| 115|0x0000000087300000, 0x0000000087400000, 0x0000000087400000|100%|HC|  |TAMS 0x0000000087300000, 0x0000000087300000| Complete 
| 116|0x0000000087400000, 0x0000000087500000, 0x0000000087500000|100%| O|  |TAMS 0x0000000087400000, 0x0000000087400000| Untracked 
| 117|0x0000000087500000, 0x0000000087600000, 0x0000000087600000|100%| O|  |TAMS 0x0000000087500000, 0x0000000087500000| Untracked 
| 118|0x0000000087600000, 0x0000000087700000, 0x0000000087700000|100%| O|  |TAMS 0x0000000087600000, 0x0000000087600000| Untracked 
| 119|0x0000000087700000, 0x0000000087800000, 0x0000000087800000|100%| O|  |TAMS 0x0000000087700000, 0x0000000087700000| Untracked 
| 120|0x0000000087800000, 0x0000000087900000, 0x0000000087900000|100%| O|  |TAMS 0x0000000087800000, 0x0000000087800000| Untracked 
| 121|0x0000000087900000, 0x0000000087a00000, 0x0000000087a00000|100%| O|  |TAMS 0x0000000087900000, 0x0000000087900000| Untracked 
| 122|0x0000000087a00000, 0x0000000087b00000, 0x0000000087b00000|100%| O|  |TAMS 0x0000000087a00000, 0x0000000087a00000| Untracked 
| 123|0x0000000087b00000, 0x0000000087c00000, 0x0000000087c00000|100%| O|  |TAMS 0x0000000087b00000, 0x0000000087b00000| Untracked 
| 124|0x0000000087c00000, 0x0000000087d00000, 0x0000000087d00000|100%| O|  |TAMS 0x0000000087c00000, 0x0000000087c00000| Untracked 
| 125|0x0000000087d00000, 0x0000000087e00000, 0x0000000087e00000|100%| O|  |TAMS 0x0000000087d00000, 0x0000000087d00000| Untracked 
| 126|0x0000000087e00000, 0x0000000087f00000, 0x0000000087f00000|100%| O|  |TAMS 0x0000000087e00000, 0x0000000087e00000| Untracked 
| 127|0x0000000087f00000, 0x0000000087f1f600, 0x0000000088000000| 12%| O|  |TAMS 0x0000000087f00000, 0x0000000087f00000| Untracked 
| 128|0x0000000088000000, 0x0000000088100000, 0x0000000088100000|100%|HS|  |TAMS 0x0000000088000000, 0x0000000088000000| Complete 
| 129|0x0000000088100000, 0x0000000088200000, 0x0000000088200000|100%|HS|  |TAMS 0x0000000088100000, 0x0000000088100000| Complete 
| 130|0x0000000088200000, 0x0000000088300000, 0x0000000088300000|100%|HS|  |TAMS 0x0000000088200000, 0x0000000088200000| Complete 
| 131|0x0000000088300000, 0x0000000088300000, 0x0000000088400000|  0%| F|  |TAMS 0x0000000088300000, 0x0000000088300000| Untracked 
| 132|0x0000000088400000, 0x0000000088400000, 0x0000000088500000|  0%| F|  |TAMS 0x0000000088400000, 0x0000000088400000| Untracked 
| 133|0x0000000088500000, 0x0000000088500000, 0x0000000088600000|  0%| F|  |TAMS 0x0000000088500000, 0x0000000088500000| Untracked 
| 134|0x0000000088600000, 0x0000000088600000, 0x0000000088700000|  0%| F|  |TAMS 0x0000000088600000, 0x0000000088600000| Untracked 
| 135|0x0000000088700000, 0x0000000088700000, 0x0000000088800000|  0%| F|  |TAMS 0x0000000088700000, 0x0000000088700000| Untracked 
| 136|0x0000000088800000, 0x0000000088800000, 0x0000000088900000|  0%| F|  |TAMS 0x0000000088800000, 0x0000000088800000| Untracked 
| 137|0x0000000088900000, 0x0000000088900000, 0x0000000088a00000|  0%| F|  |TAMS 0x0000000088900000, 0x0000000088900000| Untracked 
| 138|0x0000000088a00000, 0x0000000088a00000, 0x0000000088b00000|  0%| F|  |TAMS 0x0000000088a00000, 0x0000000088a00000| Untracked 
| 139|0x0000000088b00000, 0x0000000088b00000, 0x0000000088c00000|  0%| F|  |TAMS 0x0000000088b00000, 0x0000000088b00000| Untracked 
| 140|0x0000000088c00000, 0x0000000088c00000, 0x0000000088d00000|  0%| F|  |TAMS 0x0000000088c00000, 0x0000000088c00000| Untracked 
| 141|0x0000000088d00000, 0x0000000088d00000, 0x0000000088e00000|  0%| F|  |TAMS 0x0000000088d00000, 0x0000000088d00000| Untracked 
| 142|0x0000000088e00000, 0x0000000088e00000, 0x0000000088f00000|  0%| F|  |TAMS 0x0000000088e00000, 0x0000000088e00000| Untracked 
| 143|0x0000000088f00000, 0x0000000088f00000, 0x0000000089000000|  0%| F|  |TAMS 0x0000000088f00000, 0x0000000088f00000| Untracked 
| 144|0x0000000089000000, 0x0000000089000000, 0x0000000089100000|  0%| F|  |TAMS 0x0000000089000000, 0x0000000089000000| Untracked 
| 145|0x0000000089100000, 0x0000000089100000, 0x0000000089200000|  0%| F|  |TAMS 0x0000000089100000, 0x0000000089100000| Untracked 
| 146|0x0000000089200000, 0x0000000089200000, 0x0000000089300000|  0%| F|  |TAMS 0x0000000089200000, 0x0000000089200000| Untracked 
| 147|0x0000000089300000, 0x0000000089300000, 0x0000000089400000|  0%| F|  |TAMS 0x0000000089300000, 0x0000000089300000| Untracked 
| 148|0x0000000089400000, 0x0000000089400000, 0x0000000089500000|  0%| F|  |TAMS 0x0000000089400000, 0x0000000089400000| Untracked 
| 149|0x0000000089500000, 0x0000000089500000, 0x0000000089600000|  0%| F|  |TAMS 0x0000000089500000, 0x0000000089500000| Untracked 
| 150|0x0000000089600000, 0x0000000089600000, 0x0000000089700000|  0%| F|  |TAMS 0x0000000089600000, 0x0000000089600000| Untracked 
| 151|0x0000000089700000, 0x0000000089700000, 0x0000000089800000|  0%| F|  |TAMS 0x0000000089700000, 0x0000000089700000| Untracked 
| 152|0x0000000089800000, 0x0000000089800000, 0x0000000089900000|  0%| F|  |TAMS 0x0000000089800000, 0x0000000089800000| Untracked 
| 153|0x0000000089900000, 0x0000000089900000, 0x0000000089a00000|  0%| F|  |TAMS 0x0000000089900000, 0x0000000089900000| Untracked 
| 154|0x0000000089a00000, 0x0000000089a00000, 0x0000000089b00000|  0%| F|  |TAMS 0x0000000089a00000, 0x0000000089a00000| Untracked 
| 155|0x0000000089b00000, 0x0000000089b00000, 0x0000000089c00000|  0%| F|  |TAMS 0x0000000089b00000, 0x0000000089b00000| Untracked 
| 156|0x0000000089c00000, 0x0000000089c00000, 0x0000000089d00000|  0%| F|  |TAMS 0x0000000089c00000, 0x0000000089c00000| Untracked 
| 157|0x0000000089d00000, 0x0000000089d93e18, 0x0000000089e00000| 57%| S|CS|TAMS 0x0000000089d00000, 0x0000000089d00000| Complete 
| 158|0x0000000089e00000, 0x0000000089f00000, 0x0000000089f00000|100%| S|CS|TAMS 0x0000000089e00000, 0x0000000089e00000| Complete 
| 159|0x0000000089f00000, 0x000000008a000000, 0x000000008a000000|100%| S|CS|TAMS 0x0000000089f00000, 0x0000000089f00000| Complete 
| 160|0x000000008a000000, 0x000000008a100000, 0x000000008a100000|100%| S|CS|TAMS 0x000000008a000000, 0x000000008a000000| Complete 
| 161|0x000000008a100000, 0x000000008a200000, 0x000000008a200000|100%| S|CS|TAMS 0x000000008a100000, 0x000000008a100000| Complete 
| 162|0x000000008a200000, 0x000000008a300000, 0x000000008a300000|100%| S|CS|TAMS 0x000000008a200000, 0x000000008a200000| Complete 
| 163|0x000000008a300000, 0x000000008a400000, 0x000000008a400000|100%| S|CS|TAMS 0x000000008a300000, 0x000000008a300000| Complete 
| 164|0x000000008a400000, 0x000000008a500000, 0x000000008a500000|100%| S|CS|TAMS 0x000000008a400000, 0x000000008a400000| Complete 
| 165|0x000000008a500000, 0x000000008a600000, 0x000000008a600000|100%| S|CS|TAMS 0x000000008a500000, 0x000000008a500000| Complete 
| 166|0x000000008a600000, 0x000000008a700000, 0x000000008a700000|100%| S|CS|TAMS 0x000000008a600000, 0x000000008a600000| Complete 
| 167|0x000000008a700000, 0x000000008a700000, 0x000000008a800000|  0%| F|  |TAMS 0x000000008a700000, 0x000000008a700000| Untracked 
| 168|0x000000008a800000, 0x000000008a800000, 0x000000008a900000|  0%| F|  |TAMS 0x000000008a800000, 0x000000008a800000| Untracked 
| 169|0x000000008a900000, 0x000000008a900000, 0x000000008aa00000|  0%| F|  |TAMS 0x000000008a900000, 0x000000008a900000| Untracked 
| 170|0x000000008aa00000, 0x000000008aa00000, 0x000000008ab00000|  0%| F|  |TAMS 0x000000008aa00000, 0x000000008aa00000| Untracked 
| 171|0x000000008ab00000, 0x000000008ab00000, 0x000000008ac00000|  0%| F|  |TAMS 0x000000008ab00000, 0x000000008ab00000| Untracked 
| 172|0x000000008ac00000, 0x000000008ac00000, 0x000000008ad00000|  0%| F|  |TAMS 0x000000008ac00000, 0x000000008ac00000| Untracked 
| 173|0x000000008ad00000, 0x000000008ad00000, 0x000000008ae00000|  0%| F|  |TAMS 0x000000008ad00000, 0x000000008ad00000| Untracked 
| 174|0x000000008ae00000, 0x000000008ae00000, 0x000000008af00000|  0%| F|  |TAMS 0x000000008ae00000, 0x000000008ae00000| Untracked 
| 175|0x000000008af00000, 0x000000008af00000, 0x000000008b000000|  0%| F|  |TAMS 0x000000008af00000, 0x000000008af00000| Untracked 
| 176|0x000000008b000000, 0x000000008b000000, 0x000000008b100000|  0%| F|  |TAMS 0x000000008b000000, 0x000000008b000000| Untracked 
| 177|0x000000008b100000, 0x000000008b100000, 0x000000008b200000|  0%| F|  |TAMS 0x000000008b100000, 0x000000008b100000| Untracked 
| 178|0x000000008b200000, 0x000000008b200000, 0x000000008b300000|  0%| F|  |TAMS 0x000000008b200000, 0x000000008b200000| Untracked 
| 179|0x000000008b300000, 0x000000008b300000, 0x000000008b400000|  0%| F|  |TAMS 0x000000008b300000, 0x000000008b300000| Untracked 
| 180|0x000000008b400000, 0x000000008b400000, 0x000000008b500000|  0%| F|  |TAMS 0x000000008b400000, 0x000000008b400000| Untracked 
| 181|0x000000008b500000, 0x000000008b500000, 0x000000008b600000|  0%| F|  |TAMS 0x000000008b500000, 0x000000008b500000| Untracked 
| 182|0x000000008b600000, 0x000000008b600000, 0x000000008b700000|  0%| F|  |TAMS 0x000000008b600000, 0x000000008b600000| Untracked 
| 183|0x000000008b700000, 0x000000008b700000, 0x000000008b800000|  0%| F|  |TAMS 0x000000008b700000, 0x000000008b700000| Untracked 
| 184|0x000000008b800000, 0x000000008b800000, 0x000000008b900000|  0%| F|  |TAMS 0x000000008b800000, 0x000000008b800000| Untracked 
| 185|0x000000008b900000, 0x000000008b900000, 0x000000008ba00000|  0%| F|  |TAMS 0x000000008b900000, 0x000000008b900000| Untracked 
| 186|0x000000008ba00000, 0x000000008ba00000, 0x000000008bb00000|  0%| F|  |TAMS 0x000000008ba00000, 0x000000008ba00000| Untracked 
| 187|0x000000008bb00000, 0x000000008bb00000, 0x000000008bc00000|  0%| F|  |TAMS 0x000000008bb00000, 0x000000008bb00000| Untracked 
| 188|0x000000008bc00000, 0x000000008bc00000, 0x000000008bd00000|  0%| F|  |TAMS 0x000000008bc00000, 0x000000008bc00000| Untracked 
| 189|0x000000008bd00000, 0x000000008bd00000, 0x000000008be00000|  0%| F|  |TAMS 0x000000008bd00000, 0x000000008bd00000| Untracked 
| 190|0x000000008be00000, 0x000000008be00000, 0x000000008bf00000|  0%| F|  |TAMS 0x000000008be00000, 0x000000008be00000| Untracked 
| 191|0x000000008bf00000, 0x000000008bf00000, 0x000000008c000000|  0%| F|  |TAMS 0x000000008bf00000, 0x000000008bf00000| Untracked 
| 192|0x000000008c000000, 0x000000008c000000, 0x000000008c100000|  0%| F|  |TAMS 0x000000008c000000, 0x000000008c000000| Untracked 
| 193|0x000000008c100000, 0x000000008c100000, 0x000000008c200000|  0%| F|  |TAMS 0x000000008c100000, 0x000000008c100000| Untracked 
| 194|0x000000008c200000, 0x000000008c200000, 0x000000008c300000|  0%| F|  |TAMS 0x000000008c200000, 0x000000008c200000| Untracked 
| 195|0x000000008c300000, 0x000000008c300000, 0x000000008c400000|  0%| F|  |TAMS 0x000000008c300000, 0x000000008c300000| Untracked 
| 196|0x000000008c400000, 0x000000008c400000, 0x000000008c500000|  0%| F|  |TAMS 0x000000008c400000, 0x000000008c400000| Untracked 
| 197|0x000000008c500000, 0x000000008c500000, 0x000000008c600000|  0%| F|  |TAMS 0x000000008c500000, 0x000000008c500000| Untracked 
| 198|0x000000008c600000, 0x000000008c600000, 0x000000008c700000|  0%| F|  |TAMS 0x000000008c600000, 0x000000008c600000| Untracked 
| 199|0x000000008c700000, 0x000000008c700000, 0x000000008c800000|  0%| F|  |TAMS 0x000000008c700000, 0x000000008c700000| Untracked 
| 200|0x000000008c800000, 0x000000008c800000, 0x000000008c900000|  0%| F|  |TAMS 0x000000008c800000, 0x000000008c800000| Untracked 
| 201|0x000000008c900000, 0x000000008c900000, 0x000000008ca00000|  0%| F|  |TAMS 0x000000008c900000, 0x000000008c900000| Untracked 
| 202|0x000000008ca00000, 0x000000008ca00000, 0x000000008cb00000|  0%| F|  |TAMS 0x000000008ca00000, 0x000000008ca00000| Untracked 
| 203|0x000000008cb00000, 0x000000008cb00000, 0x000000008cc00000|  0%| F|  |TAMS 0x000000008cb00000, 0x000000008cb00000| Untracked 
| 204|0x000000008cc00000, 0x000000008cc00000, 0x000000008cd00000|  0%| F|  |TAMS 0x000000008cc00000, 0x000000008cc00000| Untracked 
| 205|0x000000008cd00000, 0x000000008cd00000, 0x000000008ce00000|  0%| F|  |TAMS 0x000000008cd00000, 0x000000008cd00000| Untracked 
| 206|0x000000008ce00000, 0x000000008ce00000, 0x000000008cf00000|  0%| F|  |TAMS 0x000000008ce00000, 0x000000008ce00000| Untracked 
| 207|0x000000008cf00000, 0x000000008cf00000, 0x000000008d000000|  0%| F|  |TAMS 0x000000008cf00000, 0x000000008cf00000| Untracked 
| 208|0x000000008d000000, 0x000000008d000000, 0x000000008d100000|  0%| F|  |TAMS 0x000000008d000000, 0x000000008d000000| Untracked 
| 209|0x000000008d100000, 0x000000008d100000, 0x000000008d200000|  0%| F|  |TAMS 0x000000008d100000, 0x000000008d100000| Untracked 
| 210|0x000000008d200000, 0x000000008d200000, 0x000000008d300000|  0%| F|  |TAMS 0x000000008d200000, 0x000000008d200000| Untracked 
| 211|0x000000008d300000, 0x000000008d300000, 0x000000008d400000|  0%| F|  |TAMS 0x000000008d300000, 0x000000008d300000| Untracked 
| 212|0x000000008d400000, 0x000000008d400000, 0x000000008d500000|  0%| F|  |TAMS 0x000000008d400000, 0x000000008d400000| Untracked 
| 213|0x000000008d500000, 0x000000008d500000, 0x000000008d600000|  0%| F|  |TAMS 0x000000008d500000, 0x000000008d500000| Untracked 
| 214|0x000000008d600000, 0x000000008d600000, 0x000000008d700000|  0%| F|  |TAMS 0x000000008d600000, 0x000000008d600000| Untracked 
| 215|0x000000008d700000, 0x000000008d700000, 0x000000008d800000|  0%| F|  |TAMS 0x000000008d700000, 0x000000008d700000| Untracked 
| 216|0x000000008d800000, 0x000000008d800000, 0x000000008d900000|  0%| F|  |TAMS 0x000000008d800000, 0x000000008d800000| Untracked 
| 217|0x000000008d900000, 0x000000008d900000, 0x000000008da00000|  0%| F|  |TAMS 0x000000008d900000, 0x000000008d900000| Untracked 
| 218|0x000000008da00000, 0x000000008da00000, 0x000000008db00000|  0%| F|  |TAMS 0x000000008da00000, 0x000000008da00000| Untracked 
| 219|0x000000008db00000, 0x000000008db00000, 0x000000008dc00000|  0%| F|  |TAMS 0x000000008db00000, 0x000000008db00000| Untracked 
| 220|0x000000008dc00000, 0x000000008dc00000, 0x000000008dd00000|  0%| F|  |TAMS 0x000000008dc00000, 0x000000008dc00000| Untracked 
| 221|0x000000008dd00000, 0x000000008dd00000, 0x000000008de00000|  0%| F|  |TAMS 0x000000008dd00000, 0x000000008dd00000| Untracked 
| 222|0x000000008de00000, 0x000000008de00000, 0x000000008df00000|  0%| F|  |TAMS 0x000000008de00000, 0x000000008de00000| Untracked 
| 223|0x000000008df00000, 0x000000008df00000, 0x000000008e000000|  0%| F|  |TAMS 0x000000008df00000, 0x000000008df00000| Untracked 
| 224|0x000000008e000000, 0x000000008e000000, 0x000000008e100000|  0%| F|  |TAMS 0x000000008e000000, 0x000000008e000000| Untracked 
| 225|0x000000008e100000, 0x000000008e100000, 0x000000008e200000|  0%| F|  |TAMS 0x000000008e100000, 0x000000008e100000| Untracked 
| 226|0x000000008e200000, 0x000000008e200000, 0x000000008e300000|  0%| F|  |TAMS 0x000000008e200000, 0x000000008e200000| Untracked 
| 227|0x000000008e300000, 0x000000008e300000, 0x000000008e400000|  0%| F|  |TAMS 0x000000008e300000, 0x000000008e300000| Untracked 
| 228|0x000000008e400000, 0x000000008e400000, 0x000000008e500000|  0%| F|  |TAMS 0x000000008e400000, 0x000000008e400000| Untracked 
| 229|0x000000008e500000, 0x000000008e500000, 0x000000008e600000|  0%| F|  |TAMS 0x000000008e500000, 0x000000008e500000| Untracked 
| 230|0x000000008e600000, 0x000000008e600000, 0x000000008e700000|  0%| F|  |TAMS 0x000000008e600000, 0x000000008e600000| Untracked 
| 231|0x000000008e700000, 0x000000008e700000, 0x000000008e800000|  0%| F|  |TAMS 0x000000008e700000, 0x000000008e700000| Untracked 
| 232|0x000000008e800000, 0x000000008e800000, 0x000000008e900000|  0%| F|  |TAMS 0x000000008e800000, 0x000000008e800000| Untracked 
| 233|0x000000008e900000, 0x000000008e900000, 0x000000008ea00000|  0%| F|  |TAMS 0x000000008e900000, 0x000000008e900000| Untracked 
| 234|0x000000008ea00000, 0x000000008ea00000, 0x000000008eb00000|  0%| F|  |TAMS 0x000000008ea00000, 0x000000008ea00000| Untracked 
| 235|0x000000008eb00000, 0x000000008eb00000, 0x000000008ec00000|  0%| F|  |TAMS 0x000000008eb00000, 0x000000008eb00000| Untracked 
| 236|0x000000008ec00000, 0x000000008ec00000, 0x000000008ed00000|  0%| F|  |TAMS 0x000000008ec00000, 0x000000008ec00000| Untracked 
| 237|0x000000008ed00000, 0x000000008ed00000, 0x000000008ee00000|  0%| F|  |TAMS 0x000000008ed00000, 0x000000008ed00000| Untracked 
| 238|0x000000008ee00000, 0x000000008ee80800, 0x000000008ef00000| 50%| E|  |TAMS 0x000000008ee00000, 0x000000008ee00000| Complete 
| 239|0x000000008ef00000, 0x000000008f000000, 0x000000008f000000|100%| E|CS|TAMS 0x000000008ef00000, 0x000000008ef00000| Complete 
| 254|0x000000008fe00000, 0x000000008ff00000, 0x000000008ff00000|100%| E|CS|TAMS 0x000000008fe00000, 0x000000008fe00000| Complete 
| 255|0x000000008ff00000, 0x0000000090000000, 0x0000000090000000|100%| E|CS|TAMS 0x000000008ff00000, 0x000000008ff00000| Complete 

Card table byte_map: [0x000002109bb80000,0x000002109bf80000] _byte_map_base: 0x000002109b780000

Marking Bits (Prev, Next): (CMBitMap*) 0x0000021084c271d0, (CMBitMap*) 0x0000021084c27190
 Prev Bits: [0x000002109e380000, 0x00000210a0380000)
 Next Bits: [0x000002109c380000, 0x000002109e380000)

Polling page: 0x0000021082b70000

Metaspace:

Usage:
  Non-class:     95.78 MB used.
      Class:     15.32 MB used.
       Both:    111.11 MB used.

Virtual space:
  Non-class space:      104.00 MB reserved,      96.31 MB ( 93%) committed,  13 nodes.
      Class space:      412.00 MB reserved,      15.81 MB (  4%) committed,  1 nodes.
             Both:      516.00 MB reserved,     112.12 MB ( 22%) committed. 

Chunk freelists:
   Non-Class:  2.94 MB
       Class:  96.00 KB
        Both:  3.03 MB

MaxMetaspaceSize: 512.00 MB
CompressedClassSpaceSize: 412.00 MB
Initial GC threshold: 21.00 MB
Current GC threshold: 131.56 MB
CDS: on
MetaspaceReclaimPolicy: balanced
 - commit_granule_bytes: 65536.
 - commit_granule_words: 8192.
 - virtual_space_node_default_size: 1048576.
 - enlarge_chunks_in_place: 1.
 - new_chunks_are_fully_committed: 0.
 - uncommit_free_chunks: 1.
 - use_allocation_guard: 0.
 - handle_deallocations: 1.


Internal statistics:

num_allocs_failed_limit: 12.
num_arena_births: 1318.
num_arena_deaths: 2.
num_vsnodes_births: 14.
num_vsnodes_deaths: 0.
num_space_committed: 1794.
num_space_uncommitted: 0.
num_chunks_returned_to_freelist: 14.
num_chunks_taken_from_freelist: 5985.
num_chunk_merges: 12.
num_chunk_splits: 4015.
num_chunks_enlarged: 2694.
num_purges: 2.
num_inconsistent_stats: 0.

CodeHeap 'non-profiled nmethods': size=120000Kb used=8510Kb max_used=8510Kb free=111489Kb
 bounds [0x0000021093f10000, 0x0000021094760000, 0x000002109b440000]
CodeHeap 'profiled nmethods': size=120000Kb used=27294Kb max_used=27294Kb free=92706Kb
 bounds [0x000002108c9e0000, 0x000002108e490000, 0x0000021093f10000]
CodeHeap 'non-nmethods': size=5760Kb used=2481Kb max_used=2544Kb free=3278Kb
 bounds [0x000002108c440000, 0x000002108c6d0000, 0x000002108c9e0000]
 total_blobs=14417 nmethods=13392 adapters=936
 compilation: enabled
              stopped_count=0, restarted_count=0
 full_count=0

Compilation events (20 events):
Event: 76.310 Thread 0x00000210a2de2e10 15722       3       java.io.RandomAccessFile::<init> (262 bytes)
Event: 76.312 Thread 0x00000210a2de2e10 nmethod 15722 0x000002108e479d10 code [0x000002108e47a0c0, 0x000002108e47b728]
Event: 76.312 Thread 0x00000210a2de2e10 15723       3       java.io.RandomAccessFile::open (7 bytes)
Event: 76.312 Thread 0x00000210a2de2e10 nmethod 15723 0x000002108e47bf10 code [0x000002108e47c0a0, 0x000002108e47c1e8]
Event: 76.324 Thread 0x00000210a2de2e10 15724       3       java.util.zip.ZipFile$Source$Key::hashCode (46 bytes)
Event: 76.325 Thread 0x00000210a2de2e10 nmethod 15724 0x000002108e47c290 code [0x000002108e47c480, 0x000002108e47c998]
Event: 76.328 Thread 0x00000210a2de2e10 15725       3       java.io.InputStream::readNBytes (292 bytes)
Event: 76.330 Thread 0x00000210a2de2e10 nmethod 15725 0x000002108e47cb90 code [0x000002108e47cec0, 0x000002108e47e908]
Event: 76.366 Thread 0x00000210a2de2e10 15726   !   3       java.util.zip.ZipFile$Source::get (180 bytes)
Event: 76.367 Thread 0x00000210a2de2e10 nmethod 15726 0x000002108e47f110 code [0x000002108e47f420, 0x000002108e480938]
Event: 76.385 Thread 0x00000210a2de2e10 15727   !   3       java.util.zip.ZipFile$Source::<init> (167 bytes)
Event: 76.386 Thread 0x00000210a2de2e10 nmethod 15727 0x000002108e481210 code [0x000002108e481520, 0x000002108e482778]
Event: 76.402 Thread 0x00000210a2de2e10 15728       3       sun.nio.cs.StreamDecoder::implRead (243 bytes)
Event: 76.403 Thread 0x00000210a2de2e10 nmethod 15728 0x000002108e482e90 code [0x000002108e483120, 0x000002108e483fd8]
Event: 76.449 Thread 0x00000210a7e69360 15729       4       groovy.lang.MetaClassImpl::filterPropertyMethod (305 bytes)
Event: 76.449 Thread 0x00000210a2de2e10 15730   !   3       org.codehaus.groovy.runtime.callsite.PogoGetPropertySite::getProperty (20 bytes)
Event: 76.450 Thread 0x00000210a2de2e10 nmethod 15730 0x000002108e484490 code [0x000002108e484640, 0x000002108e484978]
Event: 76.450 Thread 0x00000210a2de2e10 15731       3       org.gradle.internal.metaobject.BeanDynamicObject::tryInvokeMethod (10 bytes)
Event: 76.450 Thread 0x00000210a2de2e10 nmethod 15731 0x000002108e484b10 code [0x000002108e484cc0, 0x000002108e484e88]
Event: 76.450 Thread 0x00000210a2de2e10 15732       3       org.gradle.internal.metaobject.BeanDynamicObject$MetaClassAdapter::invokeMethod (229 bytes)

GC Heap History (20 events):
Event: 71.026 GC heap before
{Heap before GC invocations=40 (full 0):
 garbage-first heap   total 202752K, used 168040K [0x0000000080000000, 0x0000000100000000)
  region size 1024K, 79 young (80896K), 10 survivors (10240K)
 Metaspace       used 101829K, committed 102720K, reserved 512000K
  class space    used 13884K, committed 14336K, reserved 421888K
}
Event: 71.035 GC heap after
{Heap after GC invocations=41 (full 0):
 garbage-first heap   total 202752K, used 102588K [0x0000000080000000, 0x0000000100000000)
  region size 1024K, 6 young (6144K), 6 survivors (6144K)
 Metaspace       used 101829K, committed 102720K, reserved 512000K
  class space    used 13884K, committed 14336K, reserved 421888K
}
Event: 71.857 GC heap before
{Heap before GC invocations=41 (full 0):
 garbage-first heap   total 202752K, used 170172K [0x0000000080000000, 0x0000000100000000)
  region size 1024K, 71 young (72704K), 6 survivors (6144K)
 Metaspace       used 105857K, committed 106816K, reserved 520192K
  class space    used 14521K, committed 14976K, reserved 421888K
}
Event: 71.863 GC heap after
{Heap after GC invocations=42 (full 0):
 garbage-first heap   total 202752K, used 104679K [0x0000000080000000, 0x0000000100000000)
  region size 1024K, 3 young (3072K), 3 survivors (3072K)
 Metaspace       used 105857K, committed 106816K, reserved 520192K
  class space    used 14521K, committed 14976K, reserved 421888K
}
Event: 72.629 GC heap before
{Heap before GC invocations=42 (full 0):
 garbage-first heap   total 202752K, used 170215K [0x0000000080000000, 0x0000000100000000)
  region size 1024K, 67 young (68608K), 3 survivors (3072K)
 Metaspace       used 109974K, committed 110848K, reserved 520192K
  class space    used 15192K, committed 15616K, reserved 421888K
}
Event: 72.635 GC heap after
{Heap after GC invocations=43 (full 0):
 garbage-first heap   total 202752K, used 107912K [0x0000000080000000, 0x0000000100000000)
  region size 1024K, 6 young (6144K), 6 survivors (6144K)
 Metaspace       used 109974K, committed 110848K, reserved 520192K
  class space    used 15192K, committed 15616K, reserved 421888K
}
Event: 73.457 GC heap before
{Heap before GC invocations=43 (full 0):
 garbage-first heap   total 202752K, used 170376K [0x0000000080000000, 0x0000000100000000)
  region size 1024K, 68 young (69632K), 6 survivors (6144K)
 Metaspace       used 112082K, committed 113088K, reserved 520192K
  class space    used 15522K, committed 16000K, reserved 421888K
}
Event: 73.467 GC heap after
{Heap after GC invocations=44 (full 0):
 garbage-first heap   total 202752K, used 114175K [0x0000000080000000, 0x0000000100000000)
  region size 1024K, 9 young (9216K), 9 survivors (9216K)
 Metaspace       used 112082K, committed 113088K, reserved 520192K
  class space    used 15522K, committed 16000K, reserved 421888K
}
Event: 73.662 GC heap before
{Heap before GC invocations=44 (full 0):
 garbage-first heap   total 202752K, used 169471K [0x0000000080000000, 0x0000000100000000)
  region size 1024K, 63 young (64512K), 9 survivors (9216K)
 Metaspace       used 112108K, committed 113152K, reserved 520192K
  class space    used 15522K, committed 16000K, reserved 421888K
}
Event: 73.672 GC heap after
{Heap after GC invocations=45 (full 0):
 garbage-first heap   total 202752K, used 117555K [0x0000000080000000, 0x0000000100000000)
  region size 1024K, 3 young (3072K), 3 survivors (3072K)
 Metaspace       used 112108K, committed 113152K, reserved 520192K
  class space    used 15522K, committed 16000K, reserved 421888K
}
Event: 73.817 GC heap before
{Heap before GC invocations=45 (full 0):
 garbage-first heap   total 202752K, used 171827K [0x0000000080000000, 0x0000000100000000)
  region size 1024K, 56 young (57344K), 3 survivors (3072K)
 Metaspace       used 112138K, committed 113152K, reserved 520192K
  class space    used 15522K, committed 16000K, reserved 421888K
}
Event: 73.821 GC heap after
{Heap after GC invocations=46 (full 0):
 garbage-first heap   total 202752K, used 117474K [0x0000000080000000, 0x0000000100000000)
  region size 1024K, 3 young (3072K), 3 survivors (3072K)
 Metaspace       used 112138K, committed 113152K, reserved 520192K
  class space    used 15522K, committed 16000K, reserved 421888K
}
Event: 73.951 GC heap before
{Heap before GC invocations=46 (full 0):
 garbage-first heap   total 202752K, used 172770K [0x0000000080000000, 0x0000000100000000)
  region size 1024K, 57 young (58368K), 3 survivors (3072K)
 Metaspace       used 112144K, committed 113152K, reserved 520192K
  class space    used 15522K, committed 16000K, reserved 421888K
}
Event: 73.956 GC heap after
{Heap after GC invocations=47 (full 0):
 garbage-first heap   total 202752K, used 118251K [0x0000000080000000, 0x0000000100000000)
  region size 1024K, 4 young (4096K), 4 survivors (4096K)
 Metaspace       used 112144K, committed 113152K, reserved 520192K
  class space    used 15522K, committed 16000K, reserved 421888K
}
Event: 74.980 GC heap before
{Heap before GC invocations=47 (full 0):
 garbage-first heap   total 202752K, used 176619K [0x0000000080000000, 0x0000000100000000)
  region size 1024K, 58 young (59392K), 4 survivors (4096K)
 Metaspace       used 112543K, committed 113536K, reserved 528384K
  class space    used 15550K, committed 16000K, reserved 421888K
}
Event: 74.988 GC heap after
{Heap after GC invocations=48 (full 0):
 garbage-first heap   total 247808K, used 129952K [0x0000000080000000, 0x0000000100000000)
  region size 1024K, 8 young (8192K), 8 survivors (8192K)
 Metaspace       used 112543K, committed 113536K, reserved 528384K
  class space    used 15550K, committed 16000K, reserved 421888K
}
Event: 75.220 GC heap before
{Heap before GC invocations=48 (full 0):
 garbage-first heap   total 247808K, used 204704K [0x0000000080000000, 0x0000000100000000)
  region size 1024K, 81 young (82944K), 8 survivors (8192K)
 Metaspace       used 112561K, committed 113536K, reserved 528384K
  class space    used 15550K, committed 16000K, reserved 421888K
}
Event: 75.225 GC heap after
{Heap after GC invocations=49 (full 0):
 garbage-first heap   total 247808K, used 130968K [0x0000000080000000, 0x0000000100000000)
  region size 1024K, 1 young (1024K), 1 survivors (1024K)
 Metaspace       used 112561K, committed 113536K, reserved 528384K
  class space    used 15550K, committed 16000K, reserved 421888K
}
Event: 76.373 GC heap before
{Heap before GC invocations=49 (full 0):
 garbage-first heap   total 247808K, used 208792K [0x0000000080000000, 0x0000000100000000)
  region size 1024K, 75 young (76800K), 1 survivors (1024K)
 Metaspace       used 113760K, committed 114816K, reserved 528384K
  class space    used 15688K, committed 16192K, reserved 421888K
}
Event: 76.381 GC heap after
{Heap after GC invocations=50 (full 0):
 garbage-first heap   total 247808K, used 142029K [0x0000000080000000, 0x0000000100000000)
  region size 1024K, 10 young (10240K), 10 survivors (10240K)
 Metaspace       used 113760K, committed 114816K, reserved 528384K
  class space    used 15688K, committed 16192K, reserved 421888K
}

Deoptimization events (20 events):
Event: 75.648 Thread 0x00000210a4903b40 Uncommon trap: trap_request=0xffffffbe fr.pc=0x0000021094200aa8 relative=0x0000000000000dc8
Event: 75.648 Thread 0x00000210a4903b40 Uncommon trap: reason=profile_predicate action=maybe_recompile pc=0x0000021094200aa8 method=java.util.TimSort.gallopRight(Ljava/lang/Object;[Ljava/lang/Object;IIILjava/util/Comparator;)I @ 151 c2
Event: 75.648 Thread 0x00000210a4903b40 DEOPT PACKING pc=0x0000021094200aa8 sp=0x0000005dac4f5410
Event: 75.648 Thread 0x00000210a4903b40 DEOPT UNPACKING pc=0x000002108c4923a3 sp=0x0000005dac4f53a8 mode 2
Event: 75.648 Thread 0x00000210a4903b40 Uncommon trap: trap_request=0xffffffbe fr.pc=0x0000021094200aa8 relative=0x0000000000000dc8
Event: 75.648 Thread 0x00000210a4903b40 Uncommon trap: reason=profile_predicate action=maybe_recompile pc=0x0000021094200aa8 method=java.util.TimSort.gallopRight(Ljava/lang/Object;[Ljava/lang/Object;IIILjava/util/Comparator;)I @ 151 c2
Event: 75.648 Thread 0x00000210a4903b40 DEOPT PACKING pc=0x0000021094200aa8 sp=0x0000005dac4f5330
Event: 75.648 Thread 0x00000210a4903b40 DEOPT UNPACKING pc=0x000002108c4923a3 sp=0x0000005dac4f52c8 mode 2
Event: 75.648 Thread 0x00000210a4903b40 Uncommon trap: trap_request=0xffffffbe fr.pc=0x00000210942474b8 relative=0x0000000000000dd8
Event: 75.648 Thread 0x00000210a4903b40 Uncommon trap: reason=profile_predicate action=maybe_recompile pc=0x00000210942474b8 method=java.util.TimSort.gallopLeft(Ljava/lang/Object;[Ljava/lang/Object;IIILjava/util/Comparator;)I @ 62 c2
Event: 75.648 Thread 0x00000210a4903b40 DEOPT PACKING pc=0x00000210942474b8 sp=0x0000005dac4f5340
Event: 75.648 Thread 0x00000210a4903b40 DEOPT UNPACKING pc=0x000002108c4923a3 sp=0x0000005dac4f52c8 mode 2
Event: 75.663 Thread 0x00000210a4903b40 Uncommon trap: trap_request=0xffffffbe fr.pc=0x00000210942474b8 relative=0x0000000000000dd8
Event: 75.663 Thread 0x00000210a4903b40 Uncommon trap: reason=profile_predicate action=maybe_recompile pc=0x00000210942474b8 method=java.util.TimSort.gallopLeft(Ljava/lang/Object;[Ljava/lang/Object;IIILjava/util/Comparator;)I @ 62 c2
Event: 75.663 Thread 0x00000210a4903b40 DEOPT PACKING pc=0x00000210942474b8 sp=0x0000005dac4f3a20
Event: 75.663 Thread 0x00000210a4903b40 DEOPT UNPACKING pc=0x000002108c4923a3 sp=0x0000005dac4f39a8 mode 2
Event: 76.004 Thread 0x00000210aad9a560 Uncommon trap: trap_request=0xffffff45 fr.pc=0x00000210946323c0 relative=0x0000000000001320
Event: 76.004 Thread 0x00000210aad9a560 Uncommon trap: reason=unstable_if action=reinterpret pc=0x00000210946323c0 method=java.util.concurrent.ConcurrentHashMap.addCount(JI)V @ 97 c2
Event: 76.004 Thread 0x00000210aad9a560 DEOPT PACKING pc=0x00000210946323c0 sp=0x0000005db20fe780
Event: 76.004 Thread 0x00000210aad9a560 DEOPT UNPACKING pc=0x000002108c4923a3 sp=0x0000005db20fe650 mode 2

Classes unloaded (1 events):
Event: 26.930 Thread 0x00000210a2dbc1b0 Unloading class 0x000000080113c000 '_BuildScript_'

Classes redefined (0 events):
No events

Internal exceptions (20 events):
Event: 75.658 Thread 0x00000210a4903b40 Exception <a 'java/lang/ClassNotFoundException'{0x000000008c8ee540}: org/jetbrains/kotlin/gradle/plugin/sources/AbstractKotlinSourceSetBeanInfo> (0x000000008c8ee540) 
thrown [s\open\src\hotspot\share\classfile\systemDictionary.cpp, line 256]
Event: 75.659 Thread 0x00000210a4903b40 Exception <a 'java/lang/ClassNotFoundException'{0x000000008c8fe600}: org/jetbrains/kotlin/gradle/plugin/sources/AbstractKotlinSourceSetCustomizer> (0x000000008c8fe600) 
thrown [s\open\src\hotspot\share\classfile\systemDictionary.cpp, line 256]
Event: 75.660 Thread 0x00000210a4903b40 Exception <a 'java/lang/ClassNotFoundException'{0x000000008c71c6b8}: org/jetbrains/kotlin/gradle/plugin/sources/DefaultKotlinSourceSetCustomizer> (0x000000008c71c6b8) 
thrown [s\open\src\hotspot\share\classfile\systemDictionary.cpp, line 256]
Event: 75.663 Thread 0x00000210a4903b40 Exception <a 'java/lang/ClassNotFoundException'{0x000000008c777ed0}: org/jetbrains/kotlin/gradle/plugin/sources/DefaultKotlinSourceSet_DecoratedCustomizer> (0x000000008c777ed0) 
thrown [s\open\src\hotspot\share\classfile\systemDictionary.cpp, line 256]
Event: 75.670 Thread 0x00000210a4903b40 Exception <a 'java/lang/ClassNotFoundException'{0x000000008c6c9830}: java/util/TreeSetBeanInfo> (0x000000008c6c9830) 
thrown [s\open\src\hotspot\share\classfile\systemDictionary.cpp, line 256]
Event: 75.671 Thread 0x00000210a4903b40 Exception <a 'java/lang/ClassNotFoundException'{0x000000008c6d5b50}: java/util/AbstractSetBeanInfo> (0x000000008c6d5b50) 
thrown [s\open\src\hotspot\share\classfile\systemDictionary.cpp, line 256]
Event: 75.671 Thread 0x00000210a4903b40 Exception <a 'java/lang/ClassNotFoundException'{0x000000008c6e1ec0}: java/util/AbstractSetCustomizer> (0x000000008c6e1ec0) 
thrown [s\open\src\hotspot\share\classfile\systemDictionary.cpp, line 256]
Event: 75.672 Thread 0x00000210a4903b40 Exception <a 'java/lang/ClassNotFoundException'{0x000000008c6f1a78}: java/util/TreeSetCustomizer> (0x000000008c6f1a78) 
thrown [s\open\src\hotspot\share\classfile\systemDictionary.cpp, line 256]
Event: 75.811 Thread 0x00000210a5cbe0a0 Exception <a 'sun/nio/fs/WindowsException'{0x000000008bfe8718}> (0x000000008bfe8718) 
thrown [s\open\src\hotspot\share\prims\jni.cpp, line 516]
Event: 75.822 Thread 0x00000210a5cbe0a0 Exception <a 'sun/nio/fs/WindowsException'{0x000000008be3c298}> (0x000000008be3c298) 
thrown [s\open\src\hotspot\share\prims\jni.cpp, line 516]
Event: 75.823 Thread 0x00000210a5cbe0a0 Exception <a 'sun/nio/fs/WindowsException'{0x000000008be3c420}> (0x000000008be3c420) 
thrown [s\open\src\hotspot\share\prims\jni.cpp, line 516]
Event: 75.830 Thread 0x00000210a4903b40 Exception <a 'java/lang/ClassNotFoundException'{0x000000008be73f88}: build_dxiwdbmzl2ji5scctocswp228BeanInfo> (0x000000008be73f88) 
thrown [s\open\src\hotspot\share\classfile\systemDictionary.cpp, line 256]
Event: 75.830 Thread 0x00000210a4903b40 Exception <a 'java/lang/ClassNotFoundException'{0x000000008be7a998}: build_dxiwdbmzl2ji5scctocswp228Customizer> (0x000000008be7a998) 
thrown [s\open\src\hotspot\share\classfile\systemDictionary.cpp, line 256]
Event: 76.156 Thread 0x00000210a5cb8a00 Exception <a 'sun/nio/fs/WindowsException'{0x000000008b09e110}> (0x000000008b09e110) 
thrown [s\open\src\hotspot\share\prims\jni.cpp, line 516]
Event: 76.181 Thread 0x00000210a5cb8a00 Exception <a 'sun/nio/fs/WindowsException'{0x000000008afa3938}> (0x000000008afa3938) 
thrown [s\open\src\hotspot\share\prims\jni.cpp, line 516]
Event: 76.182 Thread 0x00000210a5cb8a00 Exception <a 'sun/nio/fs/WindowsException'{0x000000008afa3ab0}> (0x000000008afa3ab0) 
thrown [s\open\src\hotspot\share\prims\jni.cpp, line 516]
Event: 76.189 Thread 0x00000210a4903b40 Exception <a 'java/lang/ClassNotFoundException'{0x000000008b0719f8}: build_dxiwdbmzl2ji5scctocswp228BeanInfo> (0x000000008b0719f8) 
thrown [s\open\src\hotspot\share\classfile\systemDictionary.cpp, line 256]
Event: 76.190 Thread 0x00000210a4903b40 Exception <a 'java/lang/ClassNotFoundException'{0x000000008b0783a8}: build_dxiwdbmzl2ji5scctocswp228Customizer> (0x000000008b0783a8) 
thrown [s\open\src\hotspot\share\classfile\systemDictionary.cpp, line 256]
Event: 76.447 Thread 0x00000210a4903b40 Exception <a 'java/lang/ClassNotFoundException'{0x000000008fed4430}: build_dxiwdbmzl2ji5scctocswp228$_run_closure1BeanInfo> (0x000000008fed4430) 
thrown [s\open\src\hotspot\share\classfile\systemDictionary.cpp, line 256]
Event: 76.447 Thread 0x00000210a4903b40 Exception <a 'java/lang/ClassNotFoundException'{0x000000008fee0190}: build_dxiwdbmzl2ji5scctocswp228$_run_closure1Customizer> (0x000000008fee0190) 
thrown [s\open\src\hotspot\share\classfile\systemDictionary.cpp, line 256]

VM Operations (20 events):
Event: 73.951 Executing VM operation: G1CollectForAllocation
Event: 73.956 Executing VM operation: G1CollectForAllocation done
Event: 74.358 Executing VM operation: ICBufferFull
Event: 74.358 Executing VM operation: ICBufferFull done
Event: 74.980 Executing VM operation: G1CollectForAllocation
Event: 74.989 Executing VM operation: G1CollectForAllocation done
Event: 75.220 Executing VM operation: G1CollectForAllocation
Event: 75.225 Executing VM operation: G1CollectForAllocation done
Event: 75.575 Executing VM operation: HandshakeAllThreads
Event: 75.575 Executing VM operation: HandshakeAllThreads done
Event: 75.575 Executing VM operation: HandshakeAllThreads
Event: 75.575 Executing VM operation: HandshakeAllThreads done
Event: 75.577 Executing VM operation: HandshakeAllThreads
Event: 75.577 Executing VM operation: HandshakeAllThreads done
Event: 75.586 Executing VM operation: ICBufferFull
Event: 75.586 Executing VM operation: ICBufferFull done
Event: 75.846 Executing VM operation: ICBufferFull
Event: 75.846 Executing VM operation: ICBufferFull done
Event: 76.373 Executing VM operation: G1CollectForAllocation
Event: 76.381 Executing VM operation: G1CollectForAllocation done

Events (20 events):
Event: 75.671 loading class java/util/AbstractSetCustomizer
Event: 75.671 loading class java/util/AbstractSetCustomizer done
Event: 75.671 loading class java/util/AbstractSetCustomizer
Event: 75.671 loading class java/util/AbstractSetCustomizer done
Event: 75.672 loading class java/util/TreeSetCustomizer
Event: 75.672 loading class java/util/TreeSetCustomizer done
Event: 75.672 loading class java/util/TreeSetCustomizer
Event: 75.672 loading class java/util/TreeSetCustomizer done
Event: 75.934 loading class java/util/Collections$ReverseComparator
Event: 75.934 loading class java/util/Collections$ReverseComparator done
Event: 75.934 loading class java/util/Collections$ReverseComparator2
Event: 75.934 loading class java/util/Collections$ReverseComparator2 done
Event: 76.003 Thread 0x00000210aad9a560 Thread added: 0x00000210aad9a560
Event: 76.003 Thread 0x00000210aad9da50 Thread added: 0x00000210aad9da50
Event: 76.003 Thread 0x00000210aad9aa30 Thread added: 0x00000210aad9aa30
Event: 76.003 Thread 0x00000210aad9a090 Thread added: 0x00000210aad9a090
Event: 76.004 Thread 0x00000210aad9af00 Thread added: 0x00000210aad9af00
Event: 76.004 Thread 0x00000210aad9d580 Thread added: 0x00000210aad9d580
Event: 76.004 Thread 0x00000210aad9cbe0 Thread added: 0x00000210aad9cbe0
Event: 76.366 Thread 0x00000210a7e67f20 Thread exited: 0x00000210a7e67f20


Dynamic libraries:
0x00007ff7523f0000 - 0x00007ff752400000 	C:\Program Files\Java\jdk-17.0.4\bin\java.exe
0x00007ffaaf3d0000 - 0x00007ffaaf5c8000 	C:\Windows\SYSTEM32\ntdll.dll
0x00007ffaae5d0000 - 0x00007ffaae68d000 	C:\Windows\System32\KERNEL32.DLL
0x00007ffaacf00000 - 0x00007ffaad1f6000 	C:\Windows\System32\KERNELBASE.dll
0x00007ffaace00000 - 0x00007ffaacf00000 	C:\Windows\System32\ucrtbase.dll
0x00007ffaa7390000 - 0x00007ffaa73a8000 	C:\Program Files\Java\jdk-17.0.4\bin\jli.dll
0x00007ffaa54f0000 - 0x00007ffaa550a000 	C:\Program Files\Java\jdk-17.0.4\bin\VCRUNTIME140.dll
0x00007ffaad670000 - 0x00007ffaad720000 	C:\Windows\System32\ADVAPI32.dll
0x00007ffaaebf0000 - 0x00007ffaaec8e000 	C:\Windows\System32\msvcrt.dll
0x00007ffaae530000 - 0x00007ffaae5d0000 	C:\Windows\System32\sechost.dll
0x00007ffaaedb0000 - 0x00007ffaaeed3000 	C:\Windows\System32\RPCRT4.dll
0x00007ffaad270000 - 0x00007ffaad297000 	C:\Windows\System32\bcrypt.dll
0x00007ffaae690000 - 0x00007ffaae82f000 	C:\Windows\System32\USER32.dll
0x00007ffaad3d0000 - 0x00007ffaad3f2000 	C:\Windows\System32\win32u.dll
0x00007ffaad4c0000 - 0x00007ffaad4eb000 	C:\Windows\System32\GDI32.dll
0x00007ffaacce0000 - 0x00007ffaacdf7000 	C:\Windows\System32\gdi32full.dll
0x00007ffaad2a0000 - 0x00007ffaad33d000 	C:\Windows\System32\msvcp_win.dll
0x00007ffa981f0000 - 0x00007ffa9848a000 	C:\Windows\WinSxS\amd64_microsoft.windows.common-controls_6595b64144ccf1df_6.0.19041.3636_none_60b6a03d71f818d5\COMCTL32.dll
0x00007ffaa5cc0000 - 0x00007ffaa5cca000 	C:\Windows\SYSTEM32\VERSION.dll
0x00007ffaad560000 - 0x00007ffaad592000 	C:\Windows\System32\IMM32.DLL
0x00007ffaa7380000 - 0x00007ffaa738c000 	C:\Program Files\Java\jdk-17.0.4\bin\vcruntime140_1.dll
0x00007ffa50d30000 - 0x00007ffa50dbd000 	C:\Program Files\Java\jdk-17.0.4\bin\msvcp140.dll
0x00007ffa21c60000 - 0x00007ffa22822000 	C:\Program Files\Java\jdk-17.0.4\bin\server\jvm.dll
0x00007ffaaddb0000 - 0x00007ffaaddb8000 	C:\Windows\System32\PSAPI.DLL
0x00007ffaa5ba0000 - 0x00007ffaa5ba9000 	C:\Windows\SYSTEM32\WSOCK32.dll
0x00007ffaa1150000 - 0x00007ffaa1177000 	C:\Windows\SYSTEM32\WINMM.dll
0x00007ffaad4f0000 - 0x00007ffaad55b000 	C:\Windows\System32\WS2_32.dll
0x00007ffaaa930000 - 0x00007ffaaa942000 	C:\Windows\SYSTEM32\kernel.appcore.dll
0x00007ffa9fdb0000 - 0x00007ffa9fdba000 	C:\Program Files\Java\jdk-17.0.4\bin\jimage.dll
0x00007ffaa07e0000 - 0x00007ffaa09c4000 	C:\Windows\SYSTEM32\DBGHELP.DLL
0x00007ffa8fd10000 - 0x00007ffa8fd44000 	C:\Windows\SYSTEM32\dbgcore.DLL
0x00007ffaad340000 - 0x00007ffaad3c2000 	C:\Windows\System32\bcryptPrimitives.dll
0x00007ffa85fe0000 - 0x00007ffa85fee000 	C:\Program Files\Java\jdk-17.0.4\bin\instrument.dll
0x00007ffa79b60000 - 0x00007ffa79b85000 	C:\Program Files\Java\jdk-17.0.4\bin\java.dll
0x00007ffa50c50000 - 0x00007ffa50d26000 	C:\Program Files\Java\jdk-17.0.4\bin\jsvml.dll
0x00007ffaaddc0000 - 0x00007ffaae52b000 	C:\Windows\System32\SHELL32.dll
0x00007ffaaab30000 - 0x00007ffaab2ce000 	C:\Windows\SYSTEM32\windows.storage.dll
0x00007ffaae890000 - 0x00007ffaaebe3000 	C:\Windows\System32\combase.dll
0x00007ffaac440000 - 0x00007ffaac46e000 	C:\Windows\SYSTEM32\Wldp.dll
0x00007ffaad5a0000 - 0x00007ffaad66d000 	C:\Windows\System32\OLEAUT32.dll
0x00007ffaadc10000 - 0x00007ffaadcbd000 	C:\Windows\System32\SHCORE.dll
0x00007ffaad460000 - 0x00007ffaad4b5000 	C:\Windows\System32\shlwapi.dll
0x00007ffaac9b0000 - 0x00007ffaac9d3000 	C:\Windows\SYSTEM32\profapi.dll
0x00007ffa7b960000 - 0x00007ffa7b978000 	C:\Program Files\Java\jdk-17.0.4\bin\zip.dll
0x00007ffa83ac0000 - 0x00007ffa83ad9000 	C:\Program Files\Java\jdk-17.0.4\bin\net.dll
0x00007ffaa6020000 - 0x00007ffaa612a000 	C:\Windows\SYSTEM32\WINHTTP.dll
0x00007ffaac140000 - 0x00007ffaac1aa000 	C:\Windows\system32\mswsock.dll
0x00007ffa83260000 - 0x00007ffa83276000 	C:\Program Files\Java\jdk-17.0.4\bin\nio.dll
0x00007ffa9fda0000 - 0x00007ffa9fdb0000 	C:\Program Files\Java\jdk-17.0.4\bin\verify.dll
0x00007ffa5d030000 - 0x00007ffa5d057000 	C:\Users\pc gaming\.gradle\native\68d5fa5c4cc2d200863cafc0d521ce42e7d3e7ee720ec0a83991735586a16f82\windows-amd64\native-platform.dll
0x00007ffa21b10000 - 0x00007ffa21c54000 	C:\Users\pc gaming\.gradle\native\e376f236ea51e6404a007f0833ffe2c6e607c4080706a723a18a27aeea778392\windows-amd64\native-platform-file-events.dll
0x00007ffa87260000 - 0x00007ffa87269000 	C:\Program Files\Java\jdk-17.0.4\bin\management.dll
0x00007ffa87200000 - 0x00007ffa8720b000 	C:\Program Files\Java\jdk-17.0.4\bin\management_ext.dll
0x00007ffaac330000 - 0x00007ffaac348000 	C:\Windows\SYSTEM32\CRYPTSP.dll
0x00007ffaaba60000 - 0x00007ffaaba94000 	C:\Windows\system32\rsaenh.dll
0x00007ffaac930000 - 0x00007ffaac95e000 	C:\Windows\SYSTEM32\USERENV.dll
0x00007ffaac350000 - 0x00007ffaac35c000 	C:\Windows\SYSTEM32\CRYPTBASE.dll
0x00007ffaabe20000 - 0x00007ffaabe5b000 	C:\Windows\SYSTEM32\IPHLPAPI.DLL
0x00007ffaadcc0000 - 0x00007ffaadcc8000 	C:\Windows\System32\NSI.dll
0x00007ffaa6a20000 - 0x00007ffaa6a37000 	C:\Windows\SYSTEM32\dhcpcsvc6.DLL
0x00007ffaa6a00000 - 0x00007ffaa6a1d000 	C:\Windows\SYSTEM32\dhcpcsvc.DLL
0x00007ffaabe60000 - 0x00007ffaabf2b000 	C:\Windows\SYSTEM32\DNSAPI.dll
0x00007ffa85920000 - 0x00007ffa8592e000 	C:\Program Files\Java\jdk-17.0.4\bin\sunmscapi.dll
0x00007ffaacb80000 - 0x00007ffaaccde000 	C:\Windows\System32\CRYPT32.dll
0x00007ffaac4b0000 - 0x00007ffaac4d8000 	C:\Windows\SYSTEM32\ncrypt.dll
0x00007ffaac470000 - 0x00007ffaac4ab000 	C:\Windows\SYSTEM32\NTASN1.dll
0x00007ffaa5bc0000 - 0x00007ffaa5bc7000 	C:\Windows\system32\wshunix.dll
0x00007ffaa3fe0000 - 0x00007ffaa3fea000 	C:\Windows\System32\rasadhlp.dll
0x00007ffaa4d40000 - 0x00007ffaa4dc0000 	C:\Windows\System32\fwpuclnt.dll
0x00007ffa84130000 - 0x00007ffa84147000 	C:\Windows\system32\napinsp.dll
0x00007ffa83df0000 - 0x00007ffa83e0b000 	C:\Windows\system32\pnrpnsp.dll
0x00007ffaa7500000 - 0x00007ffaa7515000 	C:\Windows\system32\wshbth.dll
0x00007ffaa8580000 - 0x00007ffaa859d000 	C:\Windows\system32\NLAapi.dll
0x00007ffa83dd0000 - 0x00007ffa83de2000 	C:\Windows\System32\winrnr.dll
0x00007ffa9fd60000 - 0x00007ffa9fd7e000 	C:\Users\pc gaming\AppData\Local\Temp\native-platform14008260011867423535dir\native-platform.dll
0x00007ffa906b0000 - 0x00007ffa906b7000 	C:\Program Files\Java\jdk-17.0.4\bin\rmi.dll
0x00007ffaabb80000 - 0x00007ffaabbb3000 	C:\Windows\SYSTEM32\ntmarta.dll

dbghelp: loaded successfully - version: 4.0.5 - missing functions: none
symbol engine: initialized successfully - sym options: 0x614 - pdb path: .;C:\Program Files\Java\jdk-17.0.4\bin;C:\Windows\SYSTEM32;C:\Windows\WinSxS\amd64_microsoft.windows.common-controls_6595b64144ccf1df_6.0.19041.3636_none_60b6a03d71f818d5;C:\Program Files\Java\jdk-17.0.4\bin\server;C:\Users\pc gaming\.gradle\native\68d5fa5c4cc2d200863cafc0d521ce42e7d3e7ee720ec0a83991735586a16f82\windows-amd64;C:\Users\pc gaming\.gradle\native\e376f236ea51e6404a007f0833ffe2c6e607c4080706a723a18a27aeea778392\windows-amd64;C:\Users\pc gaming\AppData\Local\Temp\native-platform14008260011867423535dir

VM Arguments:
jvm_args: -XX:MaxMetaspaceSize=512m --add-opens=java.base/java.util=ALL-UNNAMED --add-opens=java.base/java.lang=ALL-UNNAMED --add-opens=java.base/java.lang.invoke=ALL-UNNAMED --add-opens=java.prefs/java.util.prefs=ALL-UNNAMED --add-opens=java.base/java.nio.charset=ALL-UNNAMED --add-opens=java.base/java.net=ALL-UNNAMED --add-opens=java.base/java.util.concurrent.atomic=ALL-UNNAMED -Xmx2048m -Dfile.encoding=windows-1252 -Duser.country=BR -Duser.language=pt -Duser.variant -javaagent:C:\Users\pc gaming\.gradle\wrapper\dists\gradle-8.3-all\6en3ugtfdg5xnpx44z4qbwgas\gradle-8.3\lib\agents\gradle-instrumentation-agent-8.3.jar 
java_command: org.gradle.launcher.daemon.bootstrap.GradleDaemon 8.3
java_class_path (initial): C:\Users\pc gaming\.gradle\wrapper\dists\gradle-8.3-all\6en3ugtfdg5xnpx44z4qbwgas\gradle-8.3\lib\gradle-launcher-8.3.jar
Launcher Type: SUN_STANDARD

[Global flags]
     intx CICompilerCount                          = 4                                         {product} {ergonomic}
   size_t CompressedClassSpaceSize                 = 432013312                                 {product} {ergonomic}
     uint ConcGCThreads                            = 2                                         {product} {ergonomic}
     uint G1ConcRefinementThreads                  = 8                                         {product} {ergonomic}
   size_t G1HeapRegionSize                         = 1048576                                   {product} {ergonomic}
    uintx GCDrainStackTargetSize                   = 64                                        {product} {ergonomic}
   size_t InitialHeapSize                          = 268435456                                 {product} {ergonomic}
   size_t MarkStackSize                            = 4194304                                   {product} {ergonomic}
   size_t MaxHeapSize                              = 2147483648                                {product} {command line}
   size_t MaxMetaspaceSize                         = 536870912                                 {product} {command line}
   size_t MaxNewSize                               = 1287651328                                {product} {ergonomic}
   size_t MinHeapDeltaBytes                        = 1048576                                   {product} {ergonomic}
   size_t MinHeapSize                              = 8388608                                   {product} {ergonomic}
    uintx NonNMethodCodeHeapSize                   = 5839372                                {pd product} {ergonomic}
    uintx NonProfiledCodeHeapSize                  = 122909434                              {pd product} {ergonomic}
    uintx ProfiledCodeHeapSize                     = 122909434                              {pd product} {ergonomic}
    uintx ReservedCodeCacheSize                    = 251658240                              {pd product} {ergonomic}
     bool SegmentedCodeCache                       = true                                      {product} {ergonomic}
   size_t SoftMaxHeapSize                          = 2147483648                             {manageable} {ergonomic}
     bool UseCompressedClassPointers               = true                           {product lp64_product} {ergonomic}
     bool UseCompressedOops                        = true                           {product lp64_product} {ergonomic}
     bool UseG1GC                                  = true                                      {product} {ergonomic}
     bool UseLargePagesIndividualAllocation        = false                                  {pd product} {ergonomic}

Logging:
Log output configuration:
 #0: stdout all=warning uptime,level,tags
 #1: stderr all=off uptime,level,tags

Environment Variables:
JAVA_HOME=C:\Program Files\Java\jdk-17.0.4
CLASSPATH=D:\rickAndMorty4DSM\rickAndMorty4DSM\android\\gradle\wrapper\gradle-wrapper.jar
PATH=D:\rickAndMorty4DSM\rickAndMorty4DSM\node_modules\.bin;D:\rickAndMorty4DSM\rickAndMorty4DSM\node_modules\.bin;D:\rickAndMorty4DSM\node_modules\.bin;D:\node_modules\.bin;C:\Program Files\nodejs\node_modules\npm\node_modules\@npmcli\run-script\lib\node-gyp-bin;C:\Program Files (x86)\Razer Chroma SDK\bin;C:\Program Files\Razer Chroma SDK\bin;C:\Program Files\Java\jdk-17.0.4\bin;D:\AppData\Local\Android\Sdk\platform-tools;C:\Program Files (x86)\Razer\ChromaBroadcast\bin;C:\Program Files\Razer\ChromaBroadcast\bin;C:\Program Files\Common Files\Oracle\Java\javapath;C:\Program Files (x86)\Common Files\Oracle\Java\javapath;C:\Windows\system32;C:\Windows;C:\Windows\System32\Wbem;C:\Windows\System32\WindowsPowerShell\v1.0\;C:\Windows\System32\OpenSSH\;C:\Program Files\NVIDIA Corporation\NVIDIA NvDLISR;C:\Program Files (x86)\NVIDIA Corporation\PhysX\Common;C:\ProgramData\UNIVALI\Portugol Studio;C:\Program Files\dotnet\;C:\Program Files\Git\cmd;C:\Users\pc gaming\AppData\Local\Microsoft\WindowsApps;C:\Users\pc gaming\AppData\Local\Programs\Microsoft VS Code\bin;C:\Users\pc gaming\AppData\Roaming\npm;C:\Windows\system32\config\systemprofile\AppData\Local\Microsoft\WindowsApps;C:\Program Files\nodejs\;D:\AppData\Local\Android\Sdk\platform-tools;C:\Users\pc gaming\AppData\Local\Programs\Python\Python311\Scripts\;C:\Users\pc gaming\AppData\Local\Programs\Python\Python311\;C:\Users\pc gaming\AppData\Local\Microsoft\WindowsApps;C:\Users\pc gaming\AppData\Local\Programs\Microsoft VS Code\bin;C:\Users\pc gaming\AppData\Roaming\npm;
USERNAME=pc gaming
LANG=en_US.UTF-8
OS=Windows_NT
PROCESSOR_IDENTIFIER=AMD64 Family 21 Model 2 Stepping 0, AuthenticAMD



---------------  S Y S T E M  ---------------

OS:
 Windows 10 , 64 bit Build 19041 (10.0.19041.3636)
OS uptime: 0 days 17:24 hours

CPU: total 8 (initial active 8) (8 cores per cpu, 1 threads per core) family 21 model 2 stepping 0 microcode 0x0, cx8, cmov, fxsr, mmx, 3dnowpref, sse, sse2, sse3, ssse3, sse4a, sse4.1, sse4.2, popcnt, lzcnt, tsc, tscinvbit, avx, aes, clmul, bmi1, fma, vzeroupper, clflush

Memory: 4k page, system-wide physical 16381M (2500M free)
TotalPageFile size 22594M (AvailPageFile size 3181M)
current process WorkingSet (physical memory assigned to process): 562M, peak: 567M
current process commit charge ("private bytes"): 603M, peak: 608M

vm_info: Java HotSpot(TM) 64-Bit Server VM (17.0.4+11-LTS-179) for windows-amd64 JRE (17.0.4+11-LTS-179), built on Jun 28 2022 08:23:05 by "mach5one" with MS VC++ 16.8 / 16.9 (VS2019)

END.
